[globals/init_openram]: Initializing OpenRAM...
[globals/setup_paths]: Temporary files saved in /home/mrg/data/sky130_fd_bd_sram/macros/sky130_sram_2kbyte_1rw1r_32x512_8/tmp/
[globals/read_config]: Configuration file is /home/mrg/data/sky130_fd_bd_sram/macros/configs/sky130_sram_2kbyte_1rw1r_32x512_8.py
[globals/read_config]: Output saved in /home/mrg/data/sky130_fd_bd_sram/macros/sky130_sram_2kbyte_1rw1r_32x512_8/
[globals/import_tech]: Adding technology path: /home/mrg/openram/technology
[globals/import_tech]: Adding technology path: /home/mrg/data/sky130_fd_bd_sram/tools/openram/technology
[globals/init_paths]: Creating temp directory: /home/mrg/data/sky130_fd_bd_sram/macros/sky130_sram_2kbyte_1rw1r_32x512_8/tmp/
[globals/setup_bitcell]: Using bitcell: bitcell_2port
[characterizer/<module>]: Initializing characterizer...
[characterizer/<module>]: Analytical model enabled.
[verify/<module>]: Initializing verify...
[verify/<module>]: Finding DRC/LVS/PEX tools.
[globals/get_tool]: Using DRC: /home/mrg/data/sky130_fd_bd_sram/env/conda/envs/sky130_fd_bd_sram/bin/magic
[globals/get_tool]: Using LVS: /home/mrg/data/sky130_fd_bd_sram/env/conda/envs/sky130_fd_bd_sram/bin/netgen
[globals/get_tool]: Using PEX: /home/mrg/data/sky130_fd_bd_sram/env/conda/envs/sky130_fd_bd_sram/bin/magic
[globals/setup_bitcell]: Using bitcell: bitcell_2port
|==============================================================================|
|=========                      OpenRAM v1.1.15                       =========|
|=========                                                            =========|
|=========               VLSI Design and Automation Lab               =========|
|=========        Computer Science and Engineering Department         =========|
|=========            University of California Santa Cruz             =========|
|=========                                                            =========|
|=========          Usage help: openram-user-group@ucsc.edu           =========|
|=========        Development help: openram-dev-group@ucsc.edu        =========|
|=========Temp dir: /home/mrg/data/sky130_fd_bd_sram/macros/sky130_sram_2kbyte_1rw1r_32x512_8/tmp/=========|
|=========                See LICENSE for license info                =========|
|==============================================================================|
** Start: 06/13/2021 15:37:17
Technology: sky130
Total size: 16384 bits
Word size: 32
Words: 512
Banks: 1
Write size: 8
RW ports: 1
R-only ports: 1
W-only ports: 0
DRC/LVS/PEX is only run on the top-level design to save run-time (inline_lvsdrc=True to do inline checking).
Characterization is disabled (using analytical delay models) (analytical_delay=False to simulate).
Only generating nominal corner timing.
[sram_config/recompute_sizes]: Recomputing with words per row: 4
[sram_config/recompute_sizes]: Rows: 128 Cols: 128
[sram_config/recompute_sizes]: Row addr size: 7 Col addr size: 2 Bank addr size: 9
[sram_config/compute_sizes]: Set SRAM Words Per Row=4
Words per row: 4
Output files are: 
/home/mrg/data/sky130_fd_bd_sram/macros/sky130_sram_2kbyte_1rw1r_32x512_8/sky130_sram_2kbyte_1rw1r_32x512_8.lvs
/home/mrg/data/sky130_fd_bd_sram/macros/sky130_sram_2kbyte_1rw1r_32x512_8/sky130_sram_2kbyte_1rw1r_32x512_8.sp
/home/mrg/data/sky130_fd_bd_sram/macros/sky130_sram_2kbyte_1rw1r_32x512_8/sky130_sram_2kbyte_1rw1r_32x512_8.v
/home/mrg/data/sky130_fd_bd_sram/macros/sky130_sram_2kbyte_1rw1r_32x512_8/sky130_sram_2kbyte_1rw1r_32x512_8.lib
/home/mrg/data/sky130_fd_bd_sram/macros/sky130_sram_2kbyte_1rw1r_32x512_8/sky130_sram_2kbyte_1rw1r_32x512_8.py
/home/mrg/data/sky130_fd_bd_sram/macros/sky130_sram_2kbyte_1rw1r_32x512_8/sky130_sram_2kbyte_1rw1r_32x512_8.html
/home/mrg/data/sky130_fd_bd_sram/macros/sky130_sram_2kbyte_1rw1r_32x512_8/sky130_sram_2kbyte_1rw1r_32x512_8.log
/home/mrg/data/sky130_fd_bd_sram/macros/sky130_sram_2kbyte_1rw1r_32x512_8/sky130_sram_2kbyte_1rw1r_32x512_8.lef
/home/mrg/data/sky130_fd_bd_sram/macros/sky130_sram_2kbyte_1rw1r_32x512_8/sky130_sram_2kbyte_1rw1r_32x512_8.gds
[bitcell_base_array/__init__]: Creating replica_bitcell_array 128 x 128
[replica_bitcell_array/__init__]: Creating replica_bitcell_array 128 x 128 rbls: None left_rbl: None right_rbl: None
[bitcell_base_array/__init__]: Creating bitcell_array 128 x 128
[bitcell_array/__init__]: Creating bitcell_array 128 x 128
[bitcell_base_array/__init__]: Creating replica_column 130 x 1
[bitcell_base_array/__init__]: Creating replica_column_0 130 x 1
[bitcell_base_array/__init__]: Creating dummy_array 1 x 128
[bitcell_base_array/__init__]: Creating col_cap_array 1 x 128
[bitcell_base_array/__init__]: Creating col_cap_array_0 1 x 128
[bitcell_base_array/__init__]: Creating row_cap_array 130 x 1
[bitcell_base_array/__init__]: Creating row_cap_array_0 130 x 1
[and2_dec/__init__]: Creating and2_dec and2_dec
[and3_dec/__init__]: Creating and3_dec and3_dec
[and4_dec/__init__]: Creating and4_dec and4_dec
[wordline_driver_array/__init__]: Creating wordline_driver_array
[wordline_driver/__init__]: Creating wordline_driver wordline_driver
[and2_dec/__init__]: Creating and2_dec and2_dec_0
[precharge_array/__init__]: Creating precharge_array
[sense_amp_array/__init__]: Creating sense_amp_array
[column_mux_array/__init__]: Creating column_mux_array
[write_driver_array/__init__]: Creating write_driver_array
[write_mask_and_array/__init__]: Creating write_mask_and_array
[pand2/__init__]: Creating pand2 pand2
[pdriver/__init__]: creating pdriver pdriver
[precharge_array/__init__]: Creating precharge_array_0
[column_mux_array/__init__]: Creating column_mux_array_0
[pand2/__init__]: Creating pand2 pand2_0
[pdriver/__init__]: creating pdriver pdriver_0
[dff_array/__init__]: Creating row_addr_dff rows=7 cols=1
[dff_array/__init__]: Creating col_addr_dff rows=1 cols=2
[dff_array/__init__]: Creating data_dff rows=1 cols=32
[dff_array/__init__]: Creating wmask_dff rows=1 cols=4
[control_logic/__init__]: Creating control_logic_rw
[dff_buf/__init__]: Creating dff_buf
[dff_buf_array/__init__]: Creating dff_buf_array
[dff_buf/__init__]: Creating dff_buf_0
[pand2/__init__]: Creating pand2 pand2_1
[pdriver/__init__]: creating pdriver pdriver_1
[pbuf/__init__]: creating pbuf with size of 128
[pdriver/__init__]: creating pdriver pdriver_2
[pdriver/__init__]: creating pdriver pdriver_3
[pand3/__init__]: Creating pand3 pand3
[pdriver/__init__]: creating pdriver pdriver_4
[pand3/__init__]: Creating pand3 pand3_0
[pdriver/__init__]: creating pdriver pdriver_5
[delay_chain/__init__]: creating delay chain [4, 4, 4, 4, 4, 4, 4, 4, 4]
[control_logic/__init__]: Creating control_logic_r
[dff_buf_array/__init__]: Creating dff_buf_array_0
[pdriver/__init__]: creating pdriver pdriver_6
** Submodules: 12.7 seconds
** Placement: 0.1 seconds
[router_tech/__init__]: Minimum track width: 0.680
[router_tech/__init__]: Minimum track space: 0.300
[router_tech/__init__]: Minimum track wire width: 0.380
[hierarchy_layout/get_bbox]: Size: 666.37 x 399.865 with perimeter big margin 0.6799999999999999 little margin 0
[hierarchy_layout/get_bbox]: Size: 666.37 x 399.865 with perimeter big margin 8.16 little margin 1.3599999999999999
[router_tech/__init__]: Minimum track width: 0.680
[router_tech/__init__]: Minimum track space: 0.300
[router_tech/__init__]: Minimum track wire width: 0.380
[grid/__init__]: BBOX coords: ll=v[-73.92,-47.21000000000001] ur=v[608.77,368.975]
[grid/__init__]: BBOX grids: ll=v3d[-109, -69, 0.0] ur=v3d[895, 543, 0.0]
**** Retrieving pins: 0.0 seconds
**** Analyzing pins: 0.0 seconds
[router/find_blockages]: Finding blockages.
**** Finding blockages: 8.2 seconds
[router/convert_blockages]: Converting blockages.
**** Converting blockages: 0.9 seconds
**** Converting pins: 0.4 seconds
**** Separating adjacent pins: 0.1 seconds
**** Enclosing pins: 0.1 seconds
*** Finding pins and blockages: 134.9 seconds
[signal_escape_router/route_signal]: Escape routing csb1 with scale 5
[signal_escape_router/route_signal]: Escape routing csb0 with scale 5
[signal_escape_router/route_signal]: Escape routing web0 with scale 5
[signal_escape_router/route_signal]: Escape routing din0[0] with scale 5
[signal_escape_router/route_signal]: Escape routing din0[1] with scale 5
[signal_escape_router/route_signal]: Escape routing din0[2] with scale 5
[signal_escape_router/route_signal]: Escape routing din0[3] with scale 5
[signal_escape_router/route_signal]: Escape routing din0[4] with scale 5
[signal_escape_router/route_signal]: Escape routing din0[5] with scale 5
[signal_escape_router/route_signal]: Escape routing din0[6] with scale 5
[signal_escape_router/route_signal]: Escape routing din0[7] with scale 5
[signal_escape_router/route_signal]: Escape routing din0[8] with scale 5
[signal_escape_router/route_signal]: Escape routing din0[9] with scale 5
[signal_escape_router/route_signal]: Escape routing din0[10] with scale 5
[signal_escape_router/route_signal]: Escape routing din0[11] with scale 5
[signal_escape_router/route_signal]: Escape routing din0[12] with scale 5
[signal_escape_router/route_signal]: Escape routing din0[13] with scale 5
[signal_escape_router/route_signal]: Escape routing din0[14] with scale 5
[signal_escape_router/route_signal]: Escape routing din0[15] with scale 5
[signal_escape_router/route_signal]: Escape routing din0[16] with scale 5
[signal_escape_router/route_signal]: Escape routing din0[17] with scale 5
[signal_escape_router/route_signal]: Escape routing din0[18] with scale 5
[signal_escape_router/route_signal]: Escape routing din0[19] with scale 5
[signal_escape_router/route_signal]: Escape routing din0[20] with scale 5
[signal_escape_router/route_signal]: Escape routing din0[21] with scale 5
[signal_escape_router/route_signal]: Escape routing din0[22] with scale 5
[signal_escape_router/route_signal]: Escape routing din0[23] with scale 5
[signal_escape_router/route_signal]: Escape routing din0[24] with scale 5
[signal_escape_router/route_signal]: Escape routing din0[25] with scale 5
[signal_escape_router/route_signal]: Escape routing din0[26] with scale 5
[signal_escape_router/route_signal]: Escape routing din0[27] with scale 5
[signal_escape_router/route_signal]: Escape routing din0[28] with scale 5
[signal_escape_router/route_signal]: Escape routing din0[29] with scale 5
[signal_escape_router/route_signal]: Escape routing din0[30] with scale 5
[signal_escape_router/route_signal]: Escape routing din0[31] with scale 5
[signal_escape_router/route_signal]: Escape routing addr0[0] with scale 5
[signal_escape_router/route_signal]: Escape routing addr0[1] with scale 5
[signal_escape_router/route_signal]: Escape routing wmask0[0] with scale 5
[signal_escape_router/route_signal]: Escape routing wmask0[1] with scale 5
[signal_escape_router/route_signal]: Escape routing wmask0[2] with scale 5
[signal_escape_router/route_signal]: Escape routing wmask0[3] with scale 5
[signal_escape_router/route_signal]: Escape routing addr1[0] with scale 5
[signal_escape_router/route_signal]: Escape routing addr1[1] with scale 5
[signal_escape_router/route_signal]: Escape routing clk1 with scale 5
[signal_escape_router/route_signal]: Escape routing clk0 with scale 5
[signal_escape_router/route_signal]: Escape routing dout1[0] with scale 5
[signal_escape_router/route_signal]: Escape routing dout1[1] with scale 5
[signal_escape_router/route_signal]: Escape routing dout1[2] with scale 5
[signal_escape_router/route_signal]: Escape routing dout1[3] with scale 5
[signal_escape_router/route_signal]: Escape routing dout1[4] with scale 5
[signal_escape_router/route_signal]: Escape routing dout1[5] with scale 5
[signal_escape_router/route_signal]: Escape routing dout1[6] with scale 5
[signal_escape_router/route_signal]: Escape routing dout1[7] with scale 5
[signal_escape_router/route_signal]: Escape routing dout1[8] with scale 5
[signal_escape_router/route_signal]: Escape routing dout1[9] with scale 5
[signal_escape_router/route_signal]: Escape routing dout1[10] with scale 5
[signal_escape_router/route_signal]: Escape routing dout1[11] with scale 5
[signal_escape_router/route_signal]: Escape routing dout1[12] with scale 5
[signal_escape_router/route_signal]: Escape routing dout1[13] with scale 5
[signal_escape_router/route_signal]: Escape routing dout1[14] with scale 5
[signal_escape_router/route_signal]: Escape routing dout1[15] with scale 5
[signal_escape_router/route_signal]: Escape routing dout1[16] with scale 5
[signal_escape_router/route_signal]: Escape routing dout1[17] with scale 5
[signal_escape_router/route_signal]: Escape routing dout1[18] with scale 5
[signal_escape_router/route_signal]: Escape routing dout1[19] with scale 5
[signal_escape_router/route_signal]: Escape routing dout1[20] with scale 5
[signal_escape_router/route_signal]: Escape routing dout1[21] with scale 5
[signal_escape_router/route_signal]: Escape routing dout1[22] with scale 5
[signal_escape_router/route_signal]: Escape routing dout1[23] with scale 5
[signal_escape_router/route_signal]: Escape routing dout1[24] with scale 5
[signal_escape_router/route_signal]: Escape routing dout1[25] with scale 5
[signal_escape_router/route_signal]: Escape routing dout1[26] with scale 5
[signal_escape_router/route_signal]: Escape routing dout1[27] with scale 5
[signal_escape_router/route_signal]: Escape routing dout1[28] with scale 5
[signal_escape_router/route_signal]: Escape routing dout1[29] with scale 5
[signal_escape_router/route_signal]: Escape routing dout1[30] with scale 5
[signal_escape_router/route_signal]: Escape routing dout1[31] with scale 5
[signal_escape_router/route_signal]: Escape routing addr1[8] with scale 5
[signal_escape_router/route_signal]: Escape routing addr1[7] with scale 5
[signal_escape_router/route_signal]: Escape routing dout0[0] with scale 5
[signal_escape_router/route_signal]: Escape routing dout0[1] with scale 5
[signal_escape_router/route_signal]: Escape routing dout0[2] with scale 5
[signal_escape_router/route_signal]: Escape routing dout0[3] with scale 5
[signal_escape_router/route_signal]: Escape routing dout0[4] with scale 5
[signal_escape_router/route_signal]: Escape routing dout0[5] with scale 5
[signal_escape_router/route_signal]: Escape routing dout0[6] with scale 5
[signal_escape_router/route_signal]: Escape routing dout0[7] with scale 5
[signal_escape_router/route_signal]: Escape routing dout0[8] with scale 5
[signal_escape_router/route_signal]: Escape routing dout0[9] with scale 5
[signal_escape_router/route_signal]: Escape routing dout0[10] with scale 5
[signal_escape_router/route_signal]: Escape routing dout0[11] with scale 5
[signal_escape_router/route_signal]: Escape routing dout0[12] with scale 5
[signal_escape_router/route_signal]: Escape routing dout0[13] with scale 5
[signal_escape_router/route_signal]: Escape routing dout0[14] with scale 5
[signal_escape_router/route_signal]: Escape routing dout0[15] with scale 5
[signal_escape_router/route_signal]: Escape routing dout0[16] with scale 5
[signal_escape_router/route_signal]: Escape routing dout0[17] with scale 5
[signal_escape_router/route_signal]: Escape routing dout0[18] with scale 5
[signal_escape_router/route_signal]: Escape routing dout0[19] with scale 5
[signal_escape_router/route_signal]: Escape routing dout0[20] with scale 5
[signal_escape_router/route_signal]: Escape routing dout0[21] with scale 5
[signal_escape_router/route_signal]: Escape routing dout0[22] with scale 5
[signal_escape_router/route_signal]: Escape routing dout0[23] with scale 5
[signal_escape_router/route_signal]: Escape routing dout0[24] with scale 5
[signal_escape_router/route_signal]: Escape routing dout0[25] with scale 5
[signal_escape_router/route_signal]: Escape routing dout0[26] with scale 5
[signal_escape_router/route_signal]: Escape routing dout0[27] with scale 5
[signal_escape_router/route_signal]: Escape routing dout0[28] with scale 5
[signal_escape_router/route_signal]: Escape routing dout0[29] with scale 5
[signal_escape_router/route_signal]: Escape routing dout0[30] with scale 5
[signal_escape_router/route_signal]: Escape routing dout0[31] with scale 5
[signal_escape_router/route_signal]: Escape routing addr1[2] with scale 5
[signal_escape_router/route_signal]: Escape routing addr1[3] with scale 5
[signal_escape_router/route_signal]: Escape routing addr1[4] with scale 5
[signal_escape_router/route_signal]: Escape routing addr1[5] with scale 5
[signal_escape_router/route_signal]: Escape routing addr1[6] with scale 5
[signal_escape_router/route_signal]: Escape routing addr0[2] with scale 5
[signal_escape_router/route_signal]: Escape routing addr0[3] with scale 5
[signal_escape_router/route_signal]: Escape routing addr0[4] with scale 5
[signal_escape_router/route_signal]: Escape routing addr0[5] with scale 5
[signal_escape_router/route_signal]: Escape routing addr0[6] with scale 5
[signal_escape_router/route_signal]: Escape routing addr0[7] with scale 5
[signal_escape_router/route_signal]: Escape routing addr0[8] with scale 5
*** Maze routing pins: 270.7 seconds
[router_tech/__init__]: Minimum track width: 0.680
[router_tech/__init__]: Minimum track space: 0.300
[router_tech/__init__]: Minimum track wire width: 0.380
[supply_tree_router/route]: Running supply router on vdd and gnd...
[grid/__init__]: BBOX coords: ll=v[-66.44000000000001,-39.730000000000004] ur=v[601.29,361.495]
[grid/__init__]: BBOX grids: ll=v3d[-98, -58, 0.0] ur=v3d[884, 532, 0.0]
**** Retrieving pins: 0.2 seconds
**** Analyzing pins: 6.9 seconds
[router/find_blockages]: Finding blockages.
**** Finding blockages: 28.4 seconds
[router/convert_blockages]: Converting blockages.
**** Converting blockages: 0.2 seconds
**** Converting pins: 11.4 seconds
**** Separating adjacent pins: 18.4 seconds
**** Enclosing pins: 21.9 seconds
*** Finding pins and blockages: 228.2 seconds
[supply_tree_router/route_pins]: Routing vdd with 1870 pins.
[supply_tree_router/route_pins]: 0 supply segments routed, 1869 remaining.
[supply_tree_router/route_pins]: 100 supply segments routed, 1769 remaining.
[supply_tree_router/route_pins]: 200 supply segments routed, 1669 remaining.
[supply_tree_router/route_pins]: 300 supply segments routed, 1569 remaining.
[supply_tree_router/route_pins]: 400 supply segments routed, 1469 remaining.
[supply_tree_router/route_pins]: 500 supply segments routed, 1369 remaining.
[supply_tree_router/route_pins]: 600 supply segments routed, 1269 remaining.
[supply_tree_router/route_pins]: 700 supply segments routed, 1169 remaining.
[supply_tree_router/route_pins]: 800 supply segments routed, 1069 remaining.
[supply_tree_router/route_pins]: 900 supply segments routed, 969 remaining.
[supply_tree_router/route_pins]: 1000 supply segments routed, 869 remaining.
[supply_tree_router/route_pins]: 1100 supply segments routed, 769 remaining.
[supply_tree_router/route_pins]: 1200 supply segments routed, 669 remaining.
[supply_tree_router/route_pins]: 1300 supply segments routed, 569 remaining.
[supply_tree_router/route_pins]: 1400 supply segments routed, 469 remaining.
[supply_tree_router/route_pins]: 1500 supply segments routed, 369 remaining.
[supply_tree_router/route_pins]: 1600 supply segments routed, 269 remaining.
[supply_tree_router/route_pins]: 1700 supply segments routed, 169 remaining.
[supply_tree_router/route_pins]: 1800 supply segments routed, 69 remaining.
[supply_tree_router/route_pins]: Routing gnd with 1387 pins.
[supply_tree_router/route_pins]: 0 supply segments routed, 1386 remaining.
[supply_tree_router/route_pins]: 100 supply segments routed, 1286 remaining.
[supply_tree_router/route_pins]: 200 supply segments routed, 1186 remaining.
[supply_tree_router/route_pins]: 300 supply segments routed, 1086 remaining.
[supply_tree_router/route_pins]: 400 supply segments routed, 986 remaining.
[supply_tree_router/route_pins]: 500 supply segments routed, 886 remaining.
[supply_tree_router/route_pins]: 600 supply segments routed, 786 remaining.
[supply_tree_router/route_pins]: 700 supply segments routed, 686 remaining.
[supply_tree_router/route_pins]: 800 supply segments routed, 586 remaining.
[supply_tree_router/route_pins]: 900 supply segments routed, 486 remaining.
[supply_tree_router/route_pins]: 1000 supply segments routed, 386 remaining.
[supply_tree_router/route_pins]: 1100 supply segments routed, 286 remaining.
[supply_tree_router/route_pins]: 1200 supply segments routed, 186 remaining.
[supply_tree_router/route_pins]: 1300 supply segments routed, 86 remaining.
*** Maze routing supplies: 1282.1 seconds
** Routing: 2624.4 seconds
[run_script/run_script]: Still running /home/mrg/data/sky130_fd_bd_sram/macros/sky130_sram_2kbyte_1rw1r_32x512_8/tmp/run_ext.sh (30 seconds)
[run_script/run_script]: Still running /home/mrg/data/sky130_fd_bd_sram/macros/sky130_sram_2kbyte_1rw1r_32x512_8/tmp/run_ext.sh (60 seconds)
[run_script/run_script]: Still running /home/mrg/data/sky130_fd_bd_sram/macros/sky130_sram_2kbyte_1rw1r_32x512_8/tmp/run_ext.sh (90 seconds)
[run_script/run_script]: Still running /home/mrg/data/sky130_fd_bd_sram/macros/sky130_sram_2kbyte_1rw1r_32x512_8/tmp/run_ext.sh (120 seconds)
[run_script/run_script]: Still running /home/mrg/data/sky130_fd_bd_sram/macros/sky130_sram_2kbyte_1rw1r_32x512_8/tmp/run_ext.sh (150 seconds)
[run_script/run_script]: Still running /home/mrg/data/sky130_fd_bd_sram/macros/sky130_sram_2kbyte_1rw1r_32x512_8/tmp/run_ext.sh (180 seconds)
[run_script/run_script]: Still running /home/mrg/data/sky130_fd_bd_sram/macros/sky130_sram_2kbyte_1rw1r_32x512_8/tmp/run_ext.sh (210 seconds)
[run_script/run_script]: Still running /home/mrg/data/sky130_fd_bd_sram/macros/sky130_sram_2kbyte_1rw1r_32x512_8/tmp/run_ext.sh (240 seconds)
[run_script/run_script]: Still running /home/mrg/data/sky130_fd_bd_sram/macros/sky130_sram_2kbyte_1rw1r_32x512_8/tmp/run_ext.sh (270 seconds)
[run_script/run_script]: Still running /home/mrg/data/sky130_fd_bd_sram/macros/sky130_sram_2kbyte_1rw1r_32x512_8/tmp/run_ext.sh (300 seconds)
[run_script/run_script]: Still running /home/mrg/data/sky130_fd_bd_sram/macros/sky130_sram_2kbyte_1rw1r_32x512_8/tmp/run_ext.sh (330 seconds)
[run_script/run_script]: Still running /home/mrg/data/sky130_fd_bd_sram/macros/sky130_sram_2kbyte_1rw1r_32x512_8/tmp/run_ext.sh (360 seconds)
[run_script/run_script]: Still running /home/mrg/data/sky130_fd_bd_sram/macros/sky130_sram_2kbyte_1rw1r_32x512_8/tmp/run_ext.sh (390 seconds)
[run_script/run_script]: Still running /home/mrg/data/sky130_fd_bd_sram/macros/sky130_sram_2kbyte_1rw1r_32x512_8/tmp/run_ext.sh (421 seconds)
[run_script/run_script]: Still running /home/mrg/data/sky130_fd_bd_sram/macros/sky130_sram_2kbyte_1rw1r_32x512_8/tmp/run_ext.sh (451 seconds)
[run_script/run_script]: Still running /home/mrg/data/sky130_fd_bd_sram/macros/sky130_sram_2kbyte_1rw1r_32x512_8/tmp/run_ext.sh (481 seconds)
[run_script/run_script]: Still running /home/mrg/data/sky130_fd_bd_sram/macros/sky130_sram_2kbyte_1rw1r_32x512_8/tmp/run_ext.sh (511 seconds)
[run_script/run_script]: Still running /home/mrg/data/sky130_fd_bd_sram/macros/sky130_sram_2kbyte_1rw1r_32x512_8/tmp/run_ext.sh (541 seconds)
[run_script/run_script]: Still running /home/mrg/data/sky130_fd_bd_sram/macros/sky130_sram_2kbyte_1rw1r_32x512_8/tmp/run_ext.sh (571 seconds)
[run_script/run_script]: Still running /home/mrg/data/sky130_fd_bd_sram/macros/sky130_sram_2kbyte_1rw1r_32x512_8/tmp/run_ext.sh (601 seconds)
[run_script/run_script]: Still running /home/mrg/data/sky130_fd_bd_sram/macros/sky130_sram_2kbyte_1rw1r_32x512_8/tmp/run_ext.sh (631 seconds)
[run_script/run_script]: Still running /home/mrg/data/sky130_fd_bd_sram/macros/sky130_sram_2kbyte_1rw1r_32x512_8/tmp/run_ext.sh (661 seconds)
[run_script/run_script]: Still running /home/mrg/data/sky130_fd_bd_sram/macros/sky130_sram_2kbyte_1rw1r_32x512_8/tmp/run_ext.sh (691 seconds)
[run_script/run_script]: Still running /home/mrg/data/sky130_fd_bd_sram/macros/sky130_sram_2kbyte_1rw1r_32x512_8/tmp/run_ext.sh (721 seconds)
[run_script/run_script]: Still running /home/mrg/data/sky130_fd_bd_sram/macros/sky130_sram_2kbyte_1rw1r_32x512_8/tmp/run_ext.sh (751 seconds)
[run_script/run_script]: Still running /home/mrg/data/sky130_fd_bd_sram/macros/sky130_sram_2kbyte_1rw1r_32x512_8/tmp/run_ext.sh (781 seconds)
[run_script/run_script]: Still running /home/mrg/data/sky130_fd_bd_sram/macros/sky130_sram_2kbyte_1rw1r_32x512_8/tmp/run_ext.sh (811 seconds)
[run_script/run_script]: Still running /home/mrg/data/sky130_fd_bd_sram/macros/sky130_sram_2kbyte_1rw1r_32x512_8/tmp/run_ext.sh (841 seconds)
[run_script/run_script]: Still running /home/mrg/data/sky130_fd_bd_sram/macros/sky130_sram_2kbyte_1rw1r_32x512_8/tmp/run_ext.sh (871 seconds)
[run_script/run_script]: Still running /home/mrg/data/sky130_fd_bd_sram/macros/sky130_sram_2kbyte_1rw1r_32x512_8/tmp/run_ext.sh (901 seconds)
[run_script/run_script]: Still running /home/mrg/data/sky130_fd_bd_sram/macros/sky130_sram_2kbyte_1rw1r_32x512_8/tmp/run_ext.sh (931 seconds)
[run_script/run_script]: Still running /home/mrg/data/sky130_fd_bd_sram/macros/sky130_sram_2kbyte_1rw1r_32x512_8/tmp/run_ext.sh (961 seconds)
WARNING: file magic.py: line 239: DRC Errors sky130_sram_2kbyte_1rw1r_32x512_8	32

[run_script/run_script]: Still running /home/mrg/data/sky130_fd_bd_sram/macros/sky130_sram_2kbyte_1rw1r_32x512_8/tmp/run_lvs.sh (30 seconds)
[run_script/run_script]: Still running /home/mrg/data/sky130_fd_bd_sram/macros/sky130_sram_2kbyte_1rw1r_32x512_8/tmp/run_lvs.sh (60 seconds)
[run_script/run_script]: Still running /home/mrg/data/sky130_fd_bd_sram/macros/sky130_sram_2kbyte_1rw1r_32x512_8/tmp/run_lvs.sh (90 seconds)
[run_script/run_script]: Still running /home/mrg/data/sky130_fd_bd_sram/macros/sky130_sram_2kbyte_1rw1r_32x512_8/tmp/run_lvs.sh (120 seconds)
[run_script/run_script]: Still running /home/mrg/data/sky130_fd_bd_sram/macros/sky130_sram_2kbyte_1rw1r_32x512_8/tmp/run_lvs.sh (150 seconds)
[run_script/run_script]: Still running /home/mrg/data/sky130_fd_bd_sram/macros/sky130_sram_2kbyte_1rw1r_32x512_8/tmp/run_lvs.sh (180 seconds)
[run_script/run_script]: Still running /home/mrg/data/sky130_fd_bd_sram/macros/sky130_sram_2kbyte_1rw1r_32x512_8/tmp/run_lvs.sh (210 seconds)
[run_script/run_script]: Still running /home/mrg/data/sky130_fd_bd_sram/macros/sky130_sram_2kbyte_1rw1r_32x512_8/tmp/run_lvs.sh (240 seconds)
[run_script/run_script]: Still running /home/mrg/data/sky130_fd_bd_sram/macros/sky130_sram_2kbyte_1rw1r_32x512_8/tmp/run_lvs.sh (270 seconds)
[run_script/run_script]: Still running /home/mrg/data/sky130_fd_bd_sram/macros/sky130_sram_2kbyte_1rw1r_32x512_8/tmp/run_lvs.sh (300 seconds)
[run_script/run_script]: Still running /home/mrg/data/sky130_fd_bd_sram/macros/sky130_sram_2kbyte_1rw1r_32x512_8/tmp/run_lvs.sh (330 seconds)
[run_script/run_script]: Still running /home/mrg/data/sky130_fd_bd_sram/macros/sky130_sram_2kbyte_1rw1r_32x512_8/tmp/run_lvs.sh (360 seconds)
[run_script/run_script]: Still running /home/mrg/data/sky130_fd_bd_sram/macros/sky130_sram_2kbyte_1rw1r_32x512_8/tmp/run_lvs.sh (390 seconds)
[run_script/run_script]: Still running /home/mrg/data/sky130_fd_bd_sram/macros/sky130_sram_2kbyte_1rw1r_32x512_8/tmp/run_lvs.sh (421 seconds)
[run_script/run_script]: Still running /home/mrg/data/sky130_fd_bd_sram/macros/sky130_sram_2kbyte_1rw1r_32x512_8/tmp/run_lvs.sh (451 seconds)
[run_script/run_script]: Still running /home/mrg/data/sky130_fd_bd_sram/macros/sky130_sram_2kbyte_1rw1r_32x512_8/tmp/run_lvs.sh (481 seconds)
[run_script/run_script]: Still running /home/mrg/data/sky130_fd_bd_sram/macros/sky130_sram_2kbyte_1rw1r_32x512_8/tmp/run_lvs.sh (511 seconds)
[run_script/run_script]: Still running /home/mrg/data/sky130_fd_bd_sram/macros/sky130_sram_2kbyte_1rw1r_32x512_8/tmp/run_lvs.sh (541 seconds)
[run_script/run_script]: Still running /home/mrg/data/sky130_fd_bd_sram/macros/sky130_sram_2kbyte_1rw1r_32x512_8/tmp/run_lvs.sh (571 seconds)
[run_script/run_script]: Still running /home/mrg/data/sky130_fd_bd_sram/macros/sky130_sram_2kbyte_1rw1r_32x512_8/tmp/run_lvs.sh (601 seconds)
[run_script/run_script]: Still running /home/mrg/data/sky130_fd_bd_sram/macros/sky130_sram_2kbyte_1rw1r_32x512_8/tmp/run_lvs.sh (631 seconds)
[run_script/run_script]: Still running /home/mrg/data/sky130_fd_bd_sram/macros/sky130_sram_2kbyte_1rw1r_32x512_8/tmp/run_lvs.sh (661 seconds)
[run_script/run_script]: Still running /home/mrg/data/sky130_fd_bd_sram/macros/sky130_sram_2kbyte_1rw1r_32x512_8/tmp/run_lvs.sh (691 seconds)
[run_script/run_script]: Still running /home/mrg/data/sky130_fd_bd_sram/macros/sky130_sram_2kbyte_1rw1r_32x512_8/tmp/run_lvs.sh (721 seconds)
[run_script/run_script]: Still running /home/mrg/data/sky130_fd_bd_sram/macros/sky130_sram_2kbyte_1rw1r_32x512_8/tmp/run_lvs.sh (751 seconds)
[run_script/run_script]: Still running /home/mrg/data/sky130_fd_bd_sram/macros/sky130_sram_2kbyte_1rw1r_32x512_8/tmp/run_lvs.sh (781 seconds)
[run_script/run_script]: Still running /home/mrg/data/sky130_fd_bd_sram/macros/sky130_sram_2kbyte_1rw1r_32x512_8/tmp/run_lvs.sh (811 seconds)
[run_script/run_script]: Still running /home/mrg/data/sky130_fd_bd_sram/macros/sky130_sram_2kbyte_1rw1r_32x512_8/tmp/run_lvs.sh (841 seconds)
[run_script/run_script]: Still running /home/mrg/data/sky130_fd_bd_sram/macros/sky130_sram_2kbyte_1rw1r_32x512_8/tmp/run_lvs.sh (871 seconds)
[run_script/run_script]: Still running /home/mrg/data/sky130_fd_bd_sram/macros/sky130_sram_2kbyte_1rw1r_32x512_8/tmp/run_lvs.sh (901 seconds)
[run_script/run_script]: Still running /home/mrg/data/sky130_fd_bd_sram/macros/sky130_sram_2kbyte_1rw1r_32x512_8/tmp/run_lvs.sh (931 seconds)
[run_script/run_script]: Still running /home/mrg/data/sky130_fd_bd_sram/macros/sky130_sram_2kbyte_1rw1r_32x512_8/tmp/run_lvs.sh (961 seconds)
[run_script/run_script]: Still running /home/mrg/data/sky130_fd_bd_sram/macros/sky130_sram_2kbyte_1rw1r_32x512_8/tmp/run_lvs.sh (991 seconds)
[run_script/run_script]: Still running /home/mrg/data/sky130_fd_bd_sram/macros/sky130_sram_2kbyte_1rw1r_32x512_8/tmp/run_lvs.sh (1021 seconds)
[run_script/run_script]: Still running /home/mrg/data/sky130_fd_bd_sram/macros/sky130_sram_2kbyte_1rw1r_32x512_8/tmp/run_lvs.sh (1051 seconds)
[run_script/run_script]: Still running /home/mrg/data/sky130_fd_bd_sram/macros/sky130_sram_2kbyte_1rw1r_32x512_8/tmp/run_lvs.sh (1081 seconds)
[run_script/run_script]: Still running /home/mrg/data/sky130_fd_bd_sram/macros/sky130_sram_2kbyte_1rw1r_32x512_8/tmp/run_lvs.sh (1111 seconds)
[run_script/run_script]: Still running /home/mrg/data/sky130_fd_bd_sram/macros/sky130_sram_2kbyte_1rw1r_32x512_8/tmp/run_lvs.sh (1141 seconds)
[run_script/run_script]: Still running /home/mrg/data/sky130_fd_bd_sram/macros/sky130_sram_2kbyte_1rw1r_32x512_8/tmp/run_lvs.sh (1171 seconds)
[run_script/run_script]: Still running /home/mrg/data/sky130_fd_bd_sram/macros/sky130_sram_2kbyte_1rw1r_32x512_8/tmp/run_lvs.sh (1201 seconds)
[run_script/run_script]: Still running /home/mrg/data/sky130_fd_bd_sram/macros/sky130_sram_2kbyte_1rw1r_32x512_8/tmp/run_lvs.sh (1231 seconds)
[run_script/run_script]: Still running /home/mrg/data/sky130_fd_bd_sram/macros/sky130_sram_2kbyte_1rw1r_32x512_8/tmp/run_lvs.sh (1261 seconds)
[run_script/run_script]: Still running /home/mrg/data/sky130_fd_bd_sram/macros/sky130_sram_2kbyte_1rw1r_32x512_8/tmp/run_lvs.sh (1291 seconds)
[run_script/run_script]: Still running /home/mrg/data/sky130_fd_bd_sram/macros/sky130_sram_2kbyte_1rw1r_32x512_8/tmp/run_lvs.sh (1321 seconds)
[run_script/run_script]: Still running /home/mrg/data/sky130_fd_bd_sram/macros/sky130_sram_2kbyte_1rw1r_32x512_8/tmp/run_lvs.sh (1351 seconds)
[run_script/run_script]: Still running /home/mrg/data/sky130_fd_bd_sram/macros/sky130_sram_2kbyte_1rw1r_32x512_8/tmp/run_lvs.sh (1382 seconds)
[run_script/run_script]: Still running /home/mrg/data/sky130_fd_bd_sram/macros/sky130_sram_2kbyte_1rw1r_32x512_8/tmp/run_lvs.sh (1412 seconds)
[run_script/run_script]: Still running /home/mrg/data/sky130_fd_bd_sram/macros/sky130_sram_2kbyte_1rw1r_32x512_8/tmp/run_lvs.sh (1442 seconds)
[run_script/run_script]: Still running /home/mrg/data/sky130_fd_bd_sram/macros/sky130_sram_2kbyte_1rw1r_32x512_8/tmp/run_lvs.sh (1472 seconds)
[run_script/run_script]: Still running /home/mrg/data/sky130_fd_bd_sram/macros/sky130_sram_2kbyte_1rw1r_32x512_8/tmp/run_lvs.sh (1502 seconds)
[run_script/run_script]: Still running /home/mrg/data/sky130_fd_bd_sram/macros/sky130_sram_2kbyte_1rw1r_32x512_8/tmp/run_lvs.sh (1532 seconds)
[run_script/run_script]: Still running /home/mrg/data/sky130_fd_bd_sram/macros/sky130_sram_2kbyte_1rw1r_32x512_8/tmp/run_lvs.sh (1562 seconds)
[run_script/run_script]: Still running /home/mrg/data/sky130_fd_bd_sram/macros/sky130_sram_2kbyte_1rw1r_32x512_8/tmp/run_lvs.sh (1592 seconds)
[run_script/run_script]: Still running /home/mrg/data/sky130_fd_bd_sram/macros/sky130_sram_2kbyte_1rw1r_32x512_8/tmp/run_lvs.sh (1622 seconds)
[run_script/run_script]: Still running /home/mrg/data/sky130_fd_bd_sram/macros/sky130_sram_2kbyte_1rw1r_32x512_8/tmp/run_lvs.sh (1652 seconds)
[run_script/run_script]: Still running /home/mrg/data/sky130_fd_bd_sram/macros/sky130_sram_2kbyte_1rw1r_32x512_8/tmp/run_lvs.sh (1682 seconds)
[run_script/run_script]: Still running /home/mrg/data/sky130_fd_bd_sram/macros/sky130_sram_2kbyte_1rw1r_32x512_8/tmp/run_lvs.sh (1712 seconds)
[run_script/run_script]: Still running /home/mrg/data/sky130_fd_bd_sram/macros/sky130_sram_2kbyte_1rw1r_32x512_8/tmp/run_lvs.sh (1742 seconds)
[run_script/run_script]: Still running /home/mrg/data/sky130_fd_bd_sram/macros/sky130_sram_2kbyte_1rw1r_32x512_8/tmp/run_lvs.sh (1772 seconds)
[run_script/run_script]: Still running /home/mrg/data/sky130_fd_bd_sram/macros/sky130_sram_2kbyte_1rw1r_32x512_8/tmp/run_lvs.sh (1802 seconds)
[run_script/run_script]: Still running /home/mrg/data/sky130_fd_bd_sram/macros/sky130_sram_2kbyte_1rw1r_32x512_8/tmp/run_lvs.sh (1832 seconds)
[run_script/run_script]: Still running /home/mrg/data/sky130_fd_bd_sram/macros/sky130_sram_2kbyte_1rw1r_32x512_8/tmp/run_lvs.sh (1862 seconds)
[run_script/run_script]: Still running /home/mrg/data/sky130_fd_bd_sram/macros/sky130_sram_2kbyte_1rw1r_32x512_8/tmp/run_lvs.sh (1892 seconds)
[run_script/run_script]: Still running /home/mrg/data/sky130_fd_bd_sram/macros/sky130_sram_2kbyte_1rw1r_32x512_8/tmp/run_lvs.sh (1922 seconds)
[run_script/run_script]: Still running /home/mrg/data/sky130_fd_bd_sram/macros/sky130_sram_2kbyte_1rw1r_32x512_8/tmp/run_lvs.sh (1952 seconds)
[run_script/run_script]: Still running /home/mrg/data/sky130_fd_bd_sram/macros/sky130_sram_2kbyte_1rw1r_32x512_8/tmp/run_lvs.sh (1982 seconds)
[run_script/run_script]: Still running /home/mrg/data/sky130_fd_bd_sram/macros/sky130_sram_2kbyte_1rw1r_32x512_8/tmp/run_lvs.sh (2012 seconds)
[run_script/run_script]: Still running /home/mrg/data/sky130_fd_bd_sram/macros/sky130_sram_2kbyte_1rw1r_32x512_8/tmp/run_lvs.sh (2042 seconds)
[run_script/run_script]: Still running /home/mrg/data/sky130_fd_bd_sram/macros/sky130_sram_2kbyte_1rw1r_32x512_8/tmp/run_lvs.sh (2072 seconds)
[run_script/run_script]: Still running /home/mrg/data/sky130_fd_bd_sram/macros/sky130_sram_2kbyte_1rw1r_32x512_8/tmp/run_lvs.sh (2102 seconds)
[run_script/run_script]: Still running /home/mrg/data/sky130_fd_bd_sram/macros/sky130_sram_2kbyte_1rw1r_32x512_8/tmp/run_lvs.sh (2132 seconds)
[run_script/run_script]: Still running /home/mrg/data/sky130_fd_bd_sram/macros/sky130_sram_2kbyte_1rw1r_32x512_8/tmp/run_lvs.sh (2162 seconds)
[run_script/run_script]: Still running /home/mrg/data/sky130_fd_bd_sram/macros/sky130_sram_2kbyte_1rw1r_32x512_8/tmp/run_lvs.sh (2192 seconds)
[run_script/run_script]: Still running /home/mrg/data/sky130_fd_bd_sram/macros/sky130_sram_2kbyte_1rw1r_32x512_8/tmp/run_lvs.sh (2222 seconds)
[run_script/run_script]: Still running /home/mrg/data/sky130_fd_bd_sram/macros/sky130_sram_2kbyte_1rw1r_32x512_8/tmp/run_lvs.sh (2252 seconds)
[run_script/run_script]: Still running /home/mrg/data/sky130_fd_bd_sram/macros/sky130_sram_2kbyte_1rw1r_32x512_8/tmp/run_lvs.sh (2282 seconds)
[run_script/run_script]: Still running /home/mrg/data/sky130_fd_bd_sram/macros/sky130_sram_2kbyte_1rw1r_32x512_8/tmp/run_lvs.sh (2313 seconds)
[run_script/run_script]: Still running /home/mrg/data/sky130_fd_bd_sram/macros/sky130_sram_2kbyte_1rw1r_32x512_8/tmp/run_lvs.sh (2343 seconds)
[run_script/run_script]: Still running /home/mrg/data/sky130_fd_bd_sram/macros/sky130_sram_2kbyte_1rw1r_32x512_8/tmp/run_lvs.sh (2373 seconds)
[run_script/run_script]: Still running /home/mrg/data/sky130_fd_bd_sram/macros/sky130_sram_2kbyte_1rw1r_32x512_8/tmp/run_lvs.sh (2403 seconds)
[run_script/run_script]: Still running /home/mrg/data/sky130_fd_bd_sram/macros/sky130_sram_2kbyte_1rw1r_32x512_8/tmp/run_lvs.sh (2433 seconds)
[run_script/run_script]: Still running /home/mrg/data/sky130_fd_bd_sram/macros/sky130_sram_2kbyte_1rw1r_32x512_8/tmp/run_lvs.sh (2463 seconds)
[run_script/run_script]: Still running /home/mrg/data/sky130_fd_bd_sram/macros/sky130_sram_2kbyte_1rw1r_32x512_8/tmp/run_lvs.sh (2493 seconds)
[run_script/run_script]: Still running /home/mrg/data/sky130_fd_bd_sram/macros/sky130_sram_2kbyte_1rw1r_32x512_8/tmp/run_lvs.sh (2523 seconds)
[run_script/run_script]: Still running /home/mrg/data/sky130_fd_bd_sram/macros/sky130_sram_2kbyte_1rw1r_32x512_8/tmp/run_lvs.sh (2553 seconds)
[run_script/run_script]: Still running /home/mrg/data/sky130_fd_bd_sram/macros/sky130_sram_2kbyte_1rw1r_32x512_8/tmp/run_lvs.sh (2583 seconds)
[run_script/run_script]: Still running /home/mrg/data/sky130_fd_bd_sram/macros/sky130_sram_2kbyte_1rw1r_32x512_8/tmp/run_lvs.sh (2613 seconds)
[run_script/run_script]: Still running /home/mrg/data/sky130_fd_bd_sram/macros/sky130_sram_2kbyte_1rw1r_32x512_8/tmp/run_lvs.sh (2643 seconds)
[run_script/run_script]: Still running /home/mrg/data/sky130_fd_bd_sram/macros/sky130_sram_2kbyte_1rw1r_32x512_8/tmp/run_lvs.sh (2673 seconds)
[run_script/run_script]: Still running /home/mrg/data/sky130_fd_bd_sram/macros/sky130_sram_2kbyte_1rw1r_32x512_8/tmp/run_lvs.sh (2703 seconds)
[run_script/run_script]: Still running /home/mrg/data/sky130_fd_bd_sram/macros/sky130_sram_2kbyte_1rw1r_32x512_8/tmp/run_lvs.sh (2733 seconds)
[run_script/run_script]: Still running /home/mrg/data/sky130_fd_bd_sram/macros/sky130_sram_2kbyte_1rw1r_32x512_8/tmp/run_lvs.sh (2763 seconds)
[run_script/run_script]: Still running /home/mrg/data/sky130_fd_bd_sram/macros/sky130_sram_2kbyte_1rw1r_32x512_8/tmp/run_lvs.sh (2793 seconds)
[run_script/run_script]: Still running /home/mrg/data/sky130_fd_bd_sram/macros/sky130_sram_2kbyte_1rw1r_32x512_8/tmp/run_lvs.sh (2823 seconds)
[run_script/run_script]: Still running /home/mrg/data/sky130_fd_bd_sram/macros/sky130_sram_2kbyte_1rw1r_32x512_8/tmp/run_lvs.sh (2853 seconds)
[run_script/run_script]: Still running /home/mrg/data/sky130_fd_bd_sram/macros/sky130_sram_2kbyte_1rw1r_32x512_8/tmp/run_lvs.sh (2883 seconds)
[run_script/run_script]: Still running /home/mrg/data/sky130_fd_bd_sram/macros/sky130_sram_2kbyte_1rw1r_32x512_8/tmp/run_lvs.sh (2913 seconds)
[run_script/run_script]: Still running /home/mrg/data/sky130_fd_bd_sram/macros/sky130_sram_2kbyte_1rw1r_32x512_8/tmp/run_lvs.sh (2943 seconds)
[run_script/run_script]: Still running /home/mrg/data/sky130_fd_bd_sram/macros/sky130_sram_2kbyte_1rw1r_32x512_8/tmp/run_lvs.sh (2973 seconds)
[run_script/run_script]: Still running /home/mrg/data/sky130_fd_bd_sram/macros/sky130_sram_2kbyte_1rw1r_32x512_8/tmp/run_lvs.sh (3003 seconds)
[run_script/run_script]: Still running /home/mrg/data/sky130_fd_bd_sram/macros/sky130_sram_2kbyte_1rw1r_32x512_8/tmp/run_lvs.sh (3033 seconds)
[run_script/run_script]: Still running /home/mrg/data/sky130_fd_bd_sram/macros/sky130_sram_2kbyte_1rw1r_32x512_8/tmp/run_lvs.sh (3063 seconds)
[run_script/run_script]: Still running /home/mrg/data/sky130_fd_bd_sram/macros/sky130_sram_2kbyte_1rw1r_32x512_8/tmp/run_lvs.sh (3093 seconds)
[run_script/run_script]: Still running /home/mrg/data/sky130_fd_bd_sram/macros/sky130_sram_2kbyte_1rw1r_32x512_8/tmp/run_lvs.sh (3123 seconds)
[run_script/run_script]: Still running /home/mrg/data/sky130_fd_bd_sram/macros/sky130_sram_2kbyte_1rw1r_32x512_8/tmp/run_lvs.sh (3153 seconds)
[run_script/run_script]: Still running /home/mrg/data/sky130_fd_bd_sram/macros/sky130_sram_2kbyte_1rw1r_32x512_8/tmp/run_lvs.sh (3183 seconds)
[run_script/run_script]: Still running /home/mrg/data/sky130_fd_bd_sram/macros/sky130_sram_2kbyte_1rw1r_32x512_8/tmp/run_lvs.sh (3214 seconds)
[run_script/run_script]: Still running /home/mrg/data/sky130_fd_bd_sram/macros/sky130_sram_2kbyte_1rw1r_32x512_8/tmp/run_lvs.sh (3244 seconds)
[run_script/run_script]: Still running /home/mrg/data/sky130_fd_bd_sram/macros/sky130_sram_2kbyte_1rw1r_32x512_8/tmp/run_lvs.sh (3274 seconds)
[run_script/run_script]: Still running /home/mrg/data/sky130_fd_bd_sram/macros/sky130_sram_2kbyte_1rw1r_32x512_8/tmp/run_lvs.sh (3304 seconds)
[run_script/run_script]: Still running /home/mrg/data/sky130_fd_bd_sram/macros/sky130_sram_2kbyte_1rw1r_32x512_8/tmp/run_lvs.sh (3334 seconds)
[run_script/run_script]: Still running /home/mrg/data/sky130_fd_bd_sram/macros/sky130_sram_2kbyte_1rw1r_32x512_8/tmp/run_lvs.sh (3364 seconds)
[run_script/run_script]: Still running /home/mrg/data/sky130_fd_bd_sram/macros/sky130_sram_2kbyte_1rw1r_32x512_8/tmp/run_lvs.sh (3394 seconds)
[run_script/run_script]: Still running /home/mrg/data/sky130_fd_bd_sram/macros/sky130_sram_2kbyte_1rw1r_32x512_8/tmp/run_lvs.sh (3424 seconds)
[run_script/run_script]: Still running /home/mrg/data/sky130_fd_bd_sram/macros/sky130_sram_2kbyte_1rw1r_32x512_8/tmp/run_lvs.sh (3454 seconds)
[run_script/run_script]: Still running /home/mrg/data/sky130_fd_bd_sram/macros/sky130_sram_2kbyte_1rw1r_32x512_8/tmp/run_lvs.sh (3484 seconds)
[run_script/run_script]: Still running /home/mrg/data/sky130_fd_bd_sram/macros/sky130_sram_2kbyte_1rw1r_32x512_8/tmp/run_lvs.sh (3514 seconds)
[run_script/run_script]: Still running /home/mrg/data/sky130_fd_bd_sram/macros/sky130_sram_2kbyte_1rw1r_32x512_8/tmp/run_lvs.sh (3544 seconds)
[run_script/run_script]: Still running /home/mrg/data/sky130_fd_bd_sram/macros/sky130_sram_2kbyte_1rw1r_32x512_8/tmp/run_lvs.sh (3574 seconds)
[run_script/run_script]: Still running /home/mrg/data/sky130_fd_bd_sram/macros/sky130_sram_2kbyte_1rw1r_32x512_8/tmp/run_lvs.sh (3604 seconds)
[run_script/run_script]: Still running /home/mrg/data/sky130_fd_bd_sram/macros/sky130_sram_2kbyte_1rw1r_32x512_8/tmp/run_lvs.sh (3634 seconds)
[run_script/run_script]: Still running /home/mrg/data/sky130_fd_bd_sram/macros/sky130_sram_2kbyte_1rw1r_32x512_8/tmp/run_lvs.sh (3664 seconds)
[run_script/run_script]: Still running /home/mrg/data/sky130_fd_bd_sram/macros/sky130_sram_2kbyte_1rw1r_32x512_8/tmp/run_lvs.sh (3694 seconds)
[run_script/run_script]: Still running /home/mrg/data/sky130_fd_bd_sram/macros/sky130_sram_2kbyte_1rw1r_32x512_8/tmp/run_lvs.sh (3724 seconds)
[run_script/run_script]: Still running /home/mrg/data/sky130_fd_bd_sram/macros/sky130_sram_2kbyte_1rw1r_32x512_8/tmp/run_lvs.sh (3754 seconds)
[run_script/run_script]: Still running /home/mrg/data/sky130_fd_bd_sram/macros/sky130_sram_2kbyte_1rw1r_32x512_8/tmp/run_lvs.sh (3784 seconds)
[run_script/run_script]: Still running /home/mrg/data/sky130_fd_bd_sram/macros/sky130_sram_2kbyte_1rw1r_32x512_8/tmp/run_lvs.sh (3814 seconds)
[run_script/run_script]: Still running /home/mrg/data/sky130_fd_bd_sram/macros/sky130_sram_2kbyte_1rw1r_32x512_8/tmp/run_lvs.sh (3844 seconds)
[run_script/run_script]: Still running /home/mrg/data/sky130_fd_bd_sram/macros/sky130_sram_2kbyte_1rw1r_32x512_8/tmp/run_lvs.sh (3874 seconds)
[run_script/run_script]: Still running /home/mrg/data/sky130_fd_bd_sram/macros/sky130_sram_2kbyte_1rw1r_32x512_8/tmp/run_lvs.sh (3904 seconds)
[run_script/run_script]: Still running /home/mrg/data/sky130_fd_bd_sram/macros/sky130_sram_2kbyte_1rw1r_32x512_8/tmp/run_lvs.sh (3934 seconds)
[run_script/run_script]: Still running /home/mrg/data/sky130_fd_bd_sram/macros/sky130_sram_2kbyte_1rw1r_32x512_8/tmp/run_lvs.sh (3964 seconds)
[run_script/run_script]: Still running /home/mrg/data/sky130_fd_bd_sram/macros/sky130_sram_2kbyte_1rw1r_32x512_8/tmp/run_lvs.sh (3994 seconds)
[run_script/run_script]: Still running /home/mrg/data/sky130_fd_bd_sram/macros/sky130_sram_2kbyte_1rw1r_32x512_8/tmp/run_lvs.sh (4024 seconds)
[run_script/run_script]: Still running /home/mrg/data/sky130_fd_bd_sram/macros/sky130_sram_2kbyte_1rw1r_32x512_8/tmp/run_lvs.sh (4054 seconds)
[run_script/run_script]: Still running /home/mrg/data/sky130_fd_bd_sram/macros/sky130_sram_2kbyte_1rw1r_32x512_8/tmp/run_lvs.sh (4084 seconds)
[run_script/run_script]: Still running /home/mrg/data/sky130_fd_bd_sram/macros/sky130_sram_2kbyte_1rw1r_32x512_8/tmp/run_lvs.sh (4115 seconds)
[run_script/run_script]: Still running /home/mrg/data/sky130_fd_bd_sram/macros/sky130_sram_2kbyte_1rw1r_32x512_8/tmp/run_lvs.sh (4145 seconds)
[run_script/run_script]: Still running /home/mrg/data/sky130_fd_bd_sram/macros/sky130_sram_2kbyte_1rw1r_32x512_8/tmp/run_lvs.sh (4175 seconds)
[run_script/run_script]: Still running /home/mrg/data/sky130_fd_bd_sram/macros/sky130_sram_2kbyte_1rw1r_32x512_8/tmp/run_lvs.sh (4205 seconds)
[run_script/run_script]: Still running /home/mrg/data/sky130_fd_bd_sram/macros/sky130_sram_2kbyte_1rw1r_32x512_8/tmp/run_lvs.sh (4235 seconds)
[run_script/run_script]: Still running /home/mrg/data/sky130_fd_bd_sram/macros/sky130_sram_2kbyte_1rw1r_32x512_8/tmp/run_lvs.sh (4265 seconds)
[run_script/run_script]: Still running /home/mrg/data/sky130_fd_bd_sram/macros/sky130_sram_2kbyte_1rw1r_32x512_8/tmp/run_lvs.sh (4295 seconds)
[run_script/run_script]: Still running /home/mrg/data/sky130_fd_bd_sram/macros/sky130_sram_2kbyte_1rw1r_32x512_8/tmp/run_lvs.sh (4325 seconds)
[run_script/run_script]: Still running /home/mrg/data/sky130_fd_bd_sram/macros/sky130_sram_2kbyte_1rw1r_32x512_8/tmp/run_lvs.sh (4355 seconds)
[run_script/run_script]: Still running /home/mrg/data/sky130_fd_bd_sram/macros/sky130_sram_2kbyte_1rw1r_32x512_8/tmp/run_lvs.sh (4385 seconds)
[run_script/run_script]: Still running /home/mrg/data/sky130_fd_bd_sram/macros/sky130_sram_2kbyte_1rw1r_32x512_8/tmp/run_lvs.sh (4415 seconds)
[run_script/run_script]: Still running /home/mrg/data/sky130_fd_bd_sram/macros/sky130_sram_2kbyte_1rw1r_32x512_8/tmp/run_lvs.sh (4445 seconds)
[run_script/run_script]: Still running /home/mrg/data/sky130_fd_bd_sram/macros/sky130_sram_2kbyte_1rw1r_32x512_8/tmp/run_lvs.sh (4475 seconds)
[run_script/run_script]: Still running /home/mrg/data/sky130_fd_bd_sram/macros/sky130_sram_2kbyte_1rw1r_32x512_8/tmp/run_lvs.sh (4505 seconds)
[run_script/run_script]: Still running /home/mrg/data/sky130_fd_bd_sram/macros/sky130_sram_2kbyte_1rw1r_32x512_8/tmp/run_lvs.sh (4535 seconds)
[run_script/run_script]: Still running /home/mrg/data/sky130_fd_bd_sram/macros/sky130_sram_2kbyte_1rw1r_32x512_8/tmp/run_lvs.sh (4565 seconds)
[run_script/run_script]: Still running /home/mrg/data/sky130_fd_bd_sram/macros/sky130_sram_2kbyte_1rw1r_32x512_8/tmp/run_lvs.sh (4595 seconds)
[run_script/run_script]: Still running /home/mrg/data/sky130_fd_bd_sram/macros/sky130_sram_2kbyte_1rw1r_32x512_8/tmp/run_lvs.sh (4625 seconds)
[run_script/run_script]: Still running /home/mrg/data/sky130_fd_bd_sram/macros/sky130_sram_2kbyte_1rw1r_32x512_8/tmp/run_lvs.sh (4655 seconds)
[run_script/run_script]: Still running /home/mrg/data/sky130_fd_bd_sram/macros/sky130_sram_2kbyte_1rw1r_32x512_8/tmp/run_lvs.sh (4685 seconds)
[run_script/run_script]: Still running /home/mrg/data/sky130_fd_bd_sram/macros/sky130_sram_2kbyte_1rw1r_32x512_8/tmp/run_lvs.sh (4715 seconds)
[run_script/run_script]: Still running /home/mrg/data/sky130_fd_bd_sram/macros/sky130_sram_2kbyte_1rw1r_32x512_8/tmp/run_lvs.sh (4745 seconds)
[run_script/run_script]: Still running /home/mrg/data/sky130_fd_bd_sram/macros/sky130_sram_2kbyte_1rw1r_32x512_8/tmp/run_lvs.sh (4775 seconds)
[run_script/run_script]: Still running /home/mrg/data/sky130_fd_bd_sram/macros/sky130_sram_2kbyte_1rw1r_32x512_8/tmp/run_lvs.sh (4805 seconds)
[run_script/run_script]: Still running /home/mrg/data/sky130_fd_bd_sram/macros/sky130_sram_2kbyte_1rw1r_32x512_8/tmp/run_lvs.sh (4835 seconds)
[run_script/run_script]: Still running /home/mrg/data/sky130_fd_bd_sram/macros/sky130_sram_2kbyte_1rw1r_32x512_8/tmp/run_lvs.sh (4865 seconds)
[run_script/run_script]: Still running /home/mrg/data/sky130_fd_bd_sram/macros/sky130_sram_2kbyte_1rw1r_32x512_8/tmp/run_lvs.sh (4895 seconds)
[run_script/run_script]: Still running /home/mrg/data/sky130_fd_bd_sram/macros/sky130_sram_2kbyte_1rw1r_32x512_8/tmp/run_lvs.sh (4925 seconds)
[run_script/run_script]: Still running /home/mrg/data/sky130_fd_bd_sram/macros/sky130_sram_2kbyte_1rw1r_32x512_8/tmp/run_lvs.sh (4955 seconds)
[run_script/run_script]: Still running /home/mrg/data/sky130_fd_bd_sram/macros/sky130_sram_2kbyte_1rw1r_32x512_8/tmp/run_lvs.sh (4985 seconds)
[run_script/run_script]: Still running /home/mrg/data/sky130_fd_bd_sram/macros/sky130_sram_2kbyte_1rw1r_32x512_8/tmp/run_lvs.sh (5015 seconds)
[run_script/run_script]: Still running /home/mrg/data/sky130_fd_bd_sram/macros/sky130_sram_2kbyte_1rw1r_32x512_8/tmp/run_lvs.sh (5046 seconds)
[run_script/run_script]: Still running /home/mrg/data/sky130_fd_bd_sram/macros/sky130_sram_2kbyte_1rw1r_32x512_8/tmp/run_lvs.sh (5076 seconds)
[run_script/run_script]: Still running /home/mrg/data/sky130_fd_bd_sram/macros/sky130_sram_2kbyte_1rw1r_32x512_8/tmp/run_lvs.sh (5106 seconds)
[run_script/run_script]: Still running /home/mrg/data/sky130_fd_bd_sram/macros/sky130_sram_2kbyte_1rw1r_32x512_8/tmp/run_lvs.sh (5136 seconds)
[run_script/run_script]: Still running /home/mrg/data/sky130_fd_bd_sram/macros/sky130_sram_2kbyte_1rw1r_32x512_8/tmp/run_lvs.sh (5166 seconds)
[run_script/run_script]: Still running /home/mrg/data/sky130_fd_bd_sram/macros/sky130_sram_2kbyte_1rw1r_32x512_8/tmp/run_lvs.sh (5196 seconds)
[run_script/run_script]: Still running /home/mrg/data/sky130_fd_bd_sram/macros/sky130_sram_2kbyte_1rw1r_32x512_8/tmp/run_lvs.sh (5226 seconds)
[run_script/run_script]: Still running /home/mrg/data/sky130_fd_bd_sram/macros/sky130_sram_2kbyte_1rw1r_32x512_8/tmp/run_lvs.sh (5256 seconds)
[run_script/run_script]: Still running /home/mrg/data/sky130_fd_bd_sram/macros/sky130_sram_2kbyte_1rw1r_32x512_8/tmp/run_lvs.sh (5286 seconds)
[run_script/run_script]: Still running /home/mrg/data/sky130_fd_bd_sram/macros/sky130_sram_2kbyte_1rw1r_32x512_8/tmp/run_lvs.sh (5316 seconds)
[run_script/run_script]: Still running /home/mrg/data/sky130_fd_bd_sram/macros/sky130_sram_2kbyte_1rw1r_32x512_8/tmp/run_lvs.sh (5346 seconds)
[run_script/run_script]: Still running /home/mrg/data/sky130_fd_bd_sram/macros/sky130_sram_2kbyte_1rw1r_32x512_8/tmp/run_lvs.sh (5376 seconds)
[run_script/run_script]: Still running /home/mrg/data/sky130_fd_bd_sram/macros/sky130_sram_2kbyte_1rw1r_32x512_8/tmp/run_lvs.sh (5406 seconds)
[run_script/run_script]: Still running /home/mrg/data/sky130_fd_bd_sram/macros/sky130_sram_2kbyte_1rw1r_32x512_8/tmp/run_lvs.sh (5436 seconds)
[run_script/run_script]: Still running /home/mrg/data/sky130_fd_bd_sram/macros/sky130_sram_2kbyte_1rw1r_32x512_8/tmp/run_lvs.sh (5466 seconds)
[run_script/run_script]: Still running /home/mrg/data/sky130_fd_bd_sram/macros/sky130_sram_2kbyte_1rw1r_32x512_8/tmp/run_lvs.sh (5496 seconds)
[run_script/run_script]: Still running /home/mrg/data/sky130_fd_bd_sram/macros/sky130_sram_2kbyte_1rw1r_32x512_8/tmp/run_lvs.sh (5526 seconds)
[run_script/run_script]: Still running /home/mrg/data/sky130_fd_bd_sram/macros/sky130_sram_2kbyte_1rw1r_32x512_8/tmp/run_lvs.sh (5556 seconds)
[run_script/run_script]: Still running /home/mrg/data/sky130_fd_bd_sram/macros/sky130_sram_2kbyte_1rw1r_32x512_8/tmp/run_lvs.sh (5586 seconds)
[run_script/run_script]: Still running /home/mrg/data/sky130_fd_bd_sram/macros/sky130_sram_2kbyte_1rw1r_32x512_8/tmp/run_lvs.sh (5616 seconds)
[run_script/run_script]: Still running /home/mrg/data/sky130_fd_bd_sram/macros/sky130_sram_2kbyte_1rw1r_32x512_8/tmp/run_lvs.sh (5646 seconds)
[run_script/run_script]: Still running /home/mrg/data/sky130_fd_bd_sram/macros/sky130_sram_2kbyte_1rw1r_32x512_8/tmp/run_lvs.sh (5676 seconds)
[run_script/run_script]: Still running /home/mrg/data/sky130_fd_bd_sram/macros/sky130_sram_2kbyte_1rw1r_32x512_8/tmp/run_lvs.sh (5706 seconds)
[run_script/run_script]: Still running /home/mrg/data/sky130_fd_bd_sram/macros/sky130_sram_2kbyte_1rw1r_32x512_8/tmp/run_lvs.sh (5736 seconds)
[run_script/run_script]: Still running /home/mrg/data/sky130_fd_bd_sram/macros/sky130_sram_2kbyte_1rw1r_32x512_8/tmp/run_lvs.sh (5766 seconds)
[run_script/run_script]: Still running /home/mrg/data/sky130_fd_bd_sram/macros/sky130_sram_2kbyte_1rw1r_32x512_8/tmp/run_lvs.sh (5796 seconds)
[run_script/run_script]: Still running /home/mrg/data/sky130_fd_bd_sram/macros/sky130_sram_2kbyte_1rw1r_32x512_8/tmp/run_lvs.sh (5826 seconds)
[run_script/run_script]: Still running /home/mrg/data/sky130_fd_bd_sram/macros/sky130_sram_2kbyte_1rw1r_32x512_8/tmp/run_lvs.sh (5856 seconds)
[run_script/run_script]: Still running /home/mrg/data/sky130_fd_bd_sram/macros/sky130_sram_2kbyte_1rw1r_32x512_8/tmp/run_lvs.sh (5886 seconds)
[run_script/run_script]: Still running /home/mrg/data/sky130_fd_bd_sram/macros/sky130_sram_2kbyte_1rw1r_32x512_8/tmp/run_lvs.sh (5916 seconds)
[run_script/run_script]: Still running /home/mrg/data/sky130_fd_bd_sram/macros/sky130_sram_2kbyte_1rw1r_32x512_8/tmp/run_lvs.sh (5947 seconds)
[run_script/run_script]: Still running /home/mrg/data/sky130_fd_bd_sram/macros/sky130_sram_2kbyte_1rw1r_32x512_8/tmp/run_lvs.sh (5977 seconds)
[run_script/run_script]: Still running /home/mrg/data/sky130_fd_bd_sram/macros/sky130_sram_2kbyte_1rw1r_32x512_8/tmp/run_lvs.sh (6007 seconds)
[run_script/run_script]: Still running /home/mrg/data/sky130_fd_bd_sram/macros/sky130_sram_2kbyte_1rw1r_32x512_8/tmp/run_lvs.sh (6037 seconds)
[run_script/run_script]: Still running /home/mrg/data/sky130_fd_bd_sram/macros/sky130_sram_2kbyte_1rw1r_32x512_8/tmp/run_lvs.sh (6067 seconds)
[run_script/run_script]: Still running /home/mrg/data/sky130_fd_bd_sram/macros/sky130_sram_2kbyte_1rw1r_32x512_8/tmp/run_lvs.sh (6097 seconds)
[run_script/run_script]: Still running /home/mrg/data/sky130_fd_bd_sram/macros/sky130_sram_2kbyte_1rw1r_32x512_8/tmp/run_lvs.sh (6127 seconds)
[run_script/run_script]: Still running /home/mrg/data/sky130_fd_bd_sram/macros/sky130_sram_2kbyte_1rw1r_32x512_8/tmp/run_lvs.sh (6157 seconds)
[run_script/run_script]: Still running /home/mrg/data/sky130_fd_bd_sram/macros/sky130_sram_2kbyte_1rw1r_32x512_8/tmp/run_lvs.sh (6187 seconds)
[run_script/run_script]: Still running /home/mrg/data/sky130_fd_bd_sram/macros/sky130_sram_2kbyte_1rw1r_32x512_8/tmp/run_lvs.sh (6217 seconds)
[run_script/run_script]: Still running /home/mrg/data/sky130_fd_bd_sram/macros/sky130_sram_2kbyte_1rw1r_32x512_8/tmp/run_lvs.sh (6247 seconds)
[run_script/run_script]: Still running /home/mrg/data/sky130_fd_bd_sram/macros/sky130_sram_2kbyte_1rw1r_32x512_8/tmp/run_lvs.sh (6277 seconds)
[run_script/run_script]: Still running /home/mrg/data/sky130_fd_bd_sram/macros/sky130_sram_2kbyte_1rw1r_32x512_8/tmp/run_lvs.sh (6307 seconds)
[run_script/run_script]: Still running /home/mrg/data/sky130_fd_bd_sram/macros/sky130_sram_2kbyte_1rw1r_32x512_8/tmp/run_lvs.sh (6337 seconds)
[run_script/run_script]: Still running /home/mrg/data/sky130_fd_bd_sram/macros/sky130_sram_2kbyte_1rw1r_32x512_8/tmp/run_lvs.sh (6367 seconds)
[run_script/run_script]: Still running /home/mrg/data/sky130_fd_bd_sram/macros/sky130_sram_2kbyte_1rw1r_32x512_8/tmp/run_lvs.sh (6397 seconds)
[run_script/run_script]: Still running /home/mrg/data/sky130_fd_bd_sram/macros/sky130_sram_2kbyte_1rw1r_32x512_8/tmp/run_lvs.sh (6427 seconds)
[run_script/run_script]: Still running /home/mrg/data/sky130_fd_bd_sram/macros/sky130_sram_2kbyte_1rw1r_32x512_8/tmp/run_lvs.sh (6457 seconds)
[run_script/run_script]: Still running /home/mrg/data/sky130_fd_bd_sram/macros/sky130_sram_2kbyte_1rw1r_32x512_8/tmp/run_lvs.sh (6487 seconds)
[run_script/run_script]: Still running /home/mrg/data/sky130_fd_bd_sram/macros/sky130_sram_2kbyte_1rw1r_32x512_8/tmp/run_lvs.sh (6517 seconds)
[run_script/run_script]: Still running /home/mrg/data/sky130_fd_bd_sram/macros/sky130_sram_2kbyte_1rw1r_32x512_8/tmp/run_lvs.sh (6547 seconds)
[run_script/run_script]: Still running /home/mrg/data/sky130_fd_bd_sram/macros/sky130_sram_2kbyte_1rw1r_32x512_8/tmp/run_lvs.sh (6577 seconds)
[run_script/run_script]: Still running /home/mrg/data/sky130_fd_bd_sram/macros/sky130_sram_2kbyte_1rw1r_32x512_8/tmp/run_lvs.sh (6607 seconds)
[run_script/run_script]: Still running /home/mrg/data/sky130_fd_bd_sram/macros/sky130_sram_2kbyte_1rw1r_32x512_8/tmp/run_lvs.sh (6637 seconds)
[run_script/run_script]: Still running /home/mrg/data/sky130_fd_bd_sram/macros/sky130_sram_2kbyte_1rw1r_32x512_8/tmp/run_lvs.sh (6667 seconds)
[run_script/run_script]: Still running /home/mrg/data/sky130_fd_bd_sram/macros/sky130_sram_2kbyte_1rw1r_32x512_8/tmp/run_lvs.sh (6697 seconds)
[run_script/run_script]: Still running /home/mrg/data/sky130_fd_bd_sram/macros/sky130_sram_2kbyte_1rw1r_32x512_8/tmp/run_lvs.sh (6727 seconds)
[run_script/run_script]: Still running /home/mrg/data/sky130_fd_bd_sram/macros/sky130_sram_2kbyte_1rw1r_32x512_8/tmp/run_lvs.sh (6757 seconds)
[run_script/run_script]: Still running /home/mrg/data/sky130_fd_bd_sram/macros/sky130_sram_2kbyte_1rw1r_32x512_8/tmp/run_lvs.sh (6787 seconds)
[run_script/run_script]: Still running /home/mrg/data/sky130_fd_bd_sram/macros/sky130_sram_2kbyte_1rw1r_32x512_8/tmp/run_lvs.sh (6817 seconds)
[run_script/run_script]: Still running /home/mrg/data/sky130_fd_bd_sram/macros/sky130_sram_2kbyte_1rw1r_32x512_8/tmp/run_lvs.sh (6847 seconds)
[run_script/run_script]: Still running /home/mrg/data/sky130_fd_bd_sram/macros/sky130_sram_2kbyte_1rw1r_32x512_8/tmp/run_lvs.sh (6878 seconds)
[run_script/run_script]: Still running /home/mrg/data/sky130_fd_bd_sram/macros/sky130_sram_2kbyte_1rw1r_32x512_8/tmp/run_lvs.sh (6908 seconds)
[run_script/run_script]: Still running /home/mrg/data/sky130_fd_bd_sram/macros/sky130_sram_2kbyte_1rw1r_32x512_8/tmp/run_lvs.sh (6938 seconds)
[run_script/run_script]: Still running /home/mrg/data/sky130_fd_bd_sram/macros/sky130_sram_2kbyte_1rw1r_32x512_8/tmp/run_lvs.sh (6968 seconds)
[run_script/run_script]: Still running /home/mrg/data/sky130_fd_bd_sram/macros/sky130_sram_2kbyte_1rw1r_32x512_8/tmp/run_lvs.sh (6998 seconds)
[run_script/run_script]: Still running /home/mrg/data/sky130_fd_bd_sram/macros/sky130_sram_2kbyte_1rw1r_32x512_8/tmp/run_lvs.sh (7028 seconds)
[run_script/run_script]: Still running /home/mrg/data/sky130_fd_bd_sram/macros/sky130_sram_2kbyte_1rw1r_32x512_8/tmp/run_lvs.sh (7058 seconds)
[run_script/run_script]: Still running /home/mrg/data/sky130_fd_bd_sram/macros/sky130_sram_2kbyte_1rw1r_32x512_8/tmp/run_lvs.sh (7088 seconds)
[run_script/run_script]: Still running /home/mrg/data/sky130_fd_bd_sram/macros/sky130_sram_2kbyte_1rw1r_32x512_8/tmp/run_lvs.sh (7118 seconds)
[run_script/run_script]: Still running /home/mrg/data/sky130_fd_bd_sram/macros/sky130_sram_2kbyte_1rw1r_32x512_8/tmp/run_lvs.sh (7148 seconds)
[run_script/run_script]: Still running /home/mrg/data/sky130_fd_bd_sram/macros/sky130_sram_2kbyte_1rw1r_32x512_8/tmp/run_lvs.sh (7178 seconds)
[run_script/run_script]: Still running /home/mrg/data/sky130_fd_bd_sram/macros/sky130_sram_2kbyte_1rw1r_32x512_8/tmp/run_lvs.sh (7208 seconds)
[run_script/run_script]: Still running /home/mrg/data/sky130_fd_bd_sram/macros/sky130_sram_2kbyte_1rw1r_32x512_8/tmp/run_lvs.sh (7238 seconds)
[run_script/run_script]: Still running /home/mrg/data/sky130_fd_bd_sram/macros/sky130_sram_2kbyte_1rw1r_32x512_8/tmp/run_lvs.sh (7268 seconds)
[run_script/run_script]: Still running /home/mrg/data/sky130_fd_bd_sram/macros/sky130_sram_2kbyte_1rw1r_32x512_8/tmp/run_lvs.sh (7298 seconds)
[run_script/run_script]: Still running /home/mrg/data/sky130_fd_bd_sram/macros/sky130_sram_2kbyte_1rw1r_32x512_8/tmp/run_lvs.sh (7328 seconds)
[run_script/run_script]: Still running /home/mrg/data/sky130_fd_bd_sram/macros/sky130_sram_2kbyte_1rw1r_32x512_8/tmp/run_lvs.sh (7358 seconds)
[run_script/run_script]: Still running /home/mrg/data/sky130_fd_bd_sram/macros/sky130_sram_2kbyte_1rw1r_32x512_8/tmp/run_lvs.sh (7388 seconds)
[run_script/run_script]: Still running /home/mrg/data/sky130_fd_bd_sram/macros/sky130_sram_2kbyte_1rw1r_32x512_8/tmp/run_lvs.sh (7418 seconds)
[run_script/run_script]: Still running /home/mrg/data/sky130_fd_bd_sram/macros/sky130_sram_2kbyte_1rw1r_32x512_8/tmp/run_lvs.sh (7448 seconds)
[run_script/run_script]: Still running /home/mrg/data/sky130_fd_bd_sram/macros/sky130_sram_2kbyte_1rw1r_32x512_8/tmp/run_lvs.sh (7478 seconds)
[run_script/run_script]: Still running /home/mrg/data/sky130_fd_bd_sram/macros/sky130_sram_2kbyte_1rw1r_32x512_8/tmp/run_lvs.sh (7508 seconds)
[run_script/run_script]: Still running /home/mrg/data/sky130_fd_bd_sram/macros/sky130_sram_2kbyte_1rw1r_32x512_8/tmp/run_lvs.sh (7538 seconds)
[run_script/run_script]: Still running /home/mrg/data/sky130_fd_bd_sram/macros/sky130_sram_2kbyte_1rw1r_32x512_8/tmp/run_lvs.sh (7568 seconds)
[run_script/run_script]: Still running /home/mrg/data/sky130_fd_bd_sram/macros/sky130_sram_2kbyte_1rw1r_32x512_8/tmp/run_lvs.sh (7598 seconds)
[run_script/run_script]: Still running /home/mrg/data/sky130_fd_bd_sram/macros/sky130_sram_2kbyte_1rw1r_32x512_8/tmp/run_lvs.sh (7628 seconds)
[run_script/run_script]: Still running /home/mrg/data/sky130_fd_bd_sram/macros/sky130_sram_2kbyte_1rw1r_32x512_8/tmp/run_lvs.sh (7658 seconds)
[run_script/run_script]: Still running /home/mrg/data/sky130_fd_bd_sram/macros/sky130_sram_2kbyte_1rw1r_32x512_8/tmp/run_lvs.sh (7688 seconds)
[run_script/run_script]: Still running /home/mrg/data/sky130_fd_bd_sram/macros/sky130_sram_2kbyte_1rw1r_32x512_8/tmp/run_lvs.sh (7718 seconds)
[run_script/run_script]: Still running /home/mrg/data/sky130_fd_bd_sram/macros/sky130_sram_2kbyte_1rw1r_32x512_8/tmp/run_lvs.sh (7748 seconds)
[run_script/run_script]: Still running /home/mrg/data/sky130_fd_bd_sram/macros/sky130_sram_2kbyte_1rw1r_32x512_8/tmp/run_lvs.sh (7779 seconds)
[run_script/run_script]: Still running /home/mrg/data/sky130_fd_bd_sram/macros/sky130_sram_2kbyte_1rw1r_32x512_8/tmp/run_lvs.sh (7809 seconds)
[run_script/run_script]: Still running /home/mrg/data/sky130_fd_bd_sram/macros/sky130_sram_2kbyte_1rw1r_32x512_8/tmp/run_lvs.sh (7839 seconds)
[run_script/run_script]: Still running /home/mrg/data/sky130_fd_bd_sram/macros/sky130_sram_2kbyte_1rw1r_32x512_8/tmp/run_lvs.sh (7869 seconds)
[run_script/run_script]: Still running /home/mrg/data/sky130_fd_bd_sram/macros/sky130_sram_2kbyte_1rw1r_32x512_8/tmp/run_lvs.sh (7899 seconds)
[run_script/run_script]: Still running /home/mrg/data/sky130_fd_bd_sram/macros/sky130_sram_2kbyte_1rw1r_32x512_8/tmp/run_lvs.sh (7929 seconds)
[run_script/run_script]: Still running /home/mrg/data/sky130_fd_bd_sram/macros/sky130_sram_2kbyte_1rw1r_32x512_8/tmp/run_lvs.sh (7959 seconds)
[run_script/run_script]: Still running /home/mrg/data/sky130_fd_bd_sram/macros/sky130_sram_2kbyte_1rw1r_32x512_8/tmp/run_lvs.sh (7989 seconds)
[run_script/run_script]: Still running /home/mrg/data/sky130_fd_bd_sram/macros/sky130_sram_2kbyte_1rw1r_32x512_8/tmp/run_lvs.sh (8019 seconds)
[run_script/run_script]: Still running /home/mrg/data/sky130_fd_bd_sram/macros/sky130_sram_2kbyte_1rw1r_32x512_8/tmp/run_lvs.sh (8049 seconds)
[run_script/run_script]: Still running /home/mrg/data/sky130_fd_bd_sram/macros/sky130_sram_2kbyte_1rw1r_32x512_8/tmp/run_lvs.sh (8079 seconds)
[run_script/run_script]: Still running /home/mrg/data/sky130_fd_bd_sram/macros/sky130_sram_2kbyte_1rw1r_32x512_8/tmp/run_lvs.sh (8109 seconds)
[run_script/run_script]: Still running /home/mrg/data/sky130_fd_bd_sram/macros/sky130_sram_2kbyte_1rw1r_32x512_8/tmp/run_lvs.sh (8139 seconds)
[run_script/run_script]: Still running /home/mrg/data/sky130_fd_bd_sram/macros/sky130_sram_2kbyte_1rw1r_32x512_8/tmp/run_lvs.sh (8169 seconds)
[run_script/run_script]: Still running /home/mrg/data/sky130_fd_bd_sram/macros/sky130_sram_2kbyte_1rw1r_32x512_8/tmp/run_lvs.sh (8199 seconds)
[run_script/run_script]: Still running /home/mrg/data/sky130_fd_bd_sram/macros/sky130_sram_2kbyte_1rw1r_32x512_8/tmp/run_lvs.sh (8229 seconds)
[run_script/run_script]: Still running /home/mrg/data/sky130_fd_bd_sram/macros/sky130_sram_2kbyte_1rw1r_32x512_8/tmp/run_lvs.sh (8259 seconds)
[run_script/run_script]: Still running /home/mrg/data/sky130_fd_bd_sram/macros/sky130_sram_2kbyte_1rw1r_32x512_8/tmp/run_lvs.sh (8289 seconds)
[run_script/run_script]: Still running /home/mrg/data/sky130_fd_bd_sram/macros/sky130_sram_2kbyte_1rw1r_32x512_8/tmp/run_lvs.sh (8319 seconds)
[run_script/run_script]: Still running /home/mrg/data/sky130_fd_bd_sram/macros/sky130_sram_2kbyte_1rw1r_32x512_8/tmp/run_lvs.sh (8349 seconds)
[run_script/run_script]: Still running /home/mrg/data/sky130_fd_bd_sram/macros/sky130_sram_2kbyte_1rw1r_32x512_8/tmp/run_lvs.sh (8379 seconds)
[run_script/run_script]: Still running /home/mrg/data/sky130_fd_bd_sram/macros/sky130_sram_2kbyte_1rw1r_32x512_8/tmp/run_lvs.sh (8409 seconds)
[run_script/run_script]: Still running /home/mrg/data/sky130_fd_bd_sram/macros/sky130_sram_2kbyte_1rw1r_32x512_8/tmp/run_lvs.sh (8439 seconds)
[run_script/run_script]: Still running /home/mrg/data/sky130_fd_bd_sram/macros/sky130_sram_2kbyte_1rw1r_32x512_8/tmp/run_lvs.sh (8469 seconds)
[run_script/run_script]: Still running /home/mrg/data/sky130_fd_bd_sram/macros/sky130_sram_2kbyte_1rw1r_32x512_8/tmp/run_lvs.sh (8499 seconds)
[run_script/run_script]: Still running /home/mrg/data/sky130_fd_bd_sram/macros/sky130_sram_2kbyte_1rw1r_32x512_8/tmp/run_lvs.sh (8529 seconds)
[run_script/run_script]: Still running /home/mrg/data/sky130_fd_bd_sram/macros/sky130_sram_2kbyte_1rw1r_32x512_8/tmp/run_lvs.sh (8559 seconds)
[run_script/run_script]: Still running /home/mrg/data/sky130_fd_bd_sram/macros/sky130_sram_2kbyte_1rw1r_32x512_8/tmp/run_lvs.sh (8589 seconds)
[run_script/run_script]: Still running /home/mrg/data/sky130_fd_bd_sram/macros/sky130_sram_2kbyte_1rw1r_32x512_8/tmp/run_lvs.sh (8619 seconds)
[run_script/run_script]: Still running /home/mrg/data/sky130_fd_bd_sram/macros/sky130_sram_2kbyte_1rw1r_32x512_8/tmp/run_lvs.sh (8649 seconds)
[run_script/run_script]: Still running /home/mrg/data/sky130_fd_bd_sram/macros/sky130_sram_2kbyte_1rw1r_32x512_8/tmp/run_lvs.sh (8680 seconds)
[run_script/run_script]: Still running /home/mrg/data/sky130_fd_bd_sram/macros/sky130_sram_2kbyte_1rw1r_32x512_8/tmp/run_lvs.sh (8710 seconds)
[run_script/run_script]: Still running /home/mrg/data/sky130_fd_bd_sram/macros/sky130_sram_2kbyte_1rw1r_32x512_8/tmp/run_lvs.sh (8740 seconds)
[run_script/run_script]: Still running /home/mrg/data/sky130_fd_bd_sram/macros/sky130_sram_2kbyte_1rw1r_32x512_8/tmp/run_lvs.sh (8770 seconds)
[run_script/run_script]: Still running /home/mrg/data/sky130_fd_bd_sram/macros/sky130_sram_2kbyte_1rw1r_32x512_8/tmp/run_lvs.sh (8800 seconds)
[run_script/run_script]: Still running /home/mrg/data/sky130_fd_bd_sram/macros/sky130_sram_2kbyte_1rw1r_32x512_8/tmp/run_lvs.sh (8830 seconds)
[run_script/run_script]: Still running /home/mrg/data/sky130_fd_bd_sram/macros/sky130_sram_2kbyte_1rw1r_32x512_8/tmp/run_lvs.sh (8860 seconds)
[run_script/run_script]: Still running /home/mrg/data/sky130_fd_bd_sram/macros/sky130_sram_2kbyte_1rw1r_32x512_8/tmp/run_lvs.sh (8890 seconds)
[run_script/run_script]: Still running /home/mrg/data/sky130_fd_bd_sram/macros/sky130_sram_2kbyte_1rw1r_32x512_8/tmp/run_lvs.sh (8920 seconds)
[run_script/run_script]: Still running /home/mrg/data/sky130_fd_bd_sram/macros/sky130_sram_2kbyte_1rw1r_32x512_8/tmp/run_lvs.sh (8950 seconds)
[run_script/run_script]: Still running /home/mrg/data/sky130_fd_bd_sram/macros/sky130_sram_2kbyte_1rw1r_32x512_8/tmp/run_lvs.sh (8980 seconds)
[run_script/run_script]: Still running /home/mrg/data/sky130_fd_bd_sram/macros/sky130_sram_2kbyte_1rw1r_32x512_8/tmp/run_lvs.sh (9010 seconds)
[run_script/run_script]: Still running /home/mrg/data/sky130_fd_bd_sram/macros/sky130_sram_2kbyte_1rw1r_32x512_8/tmp/run_lvs.sh (9040 seconds)
[run_script/run_script]: Still running /home/mrg/data/sky130_fd_bd_sram/macros/sky130_sram_2kbyte_1rw1r_32x512_8/tmp/run_lvs.sh (9070 seconds)
[run_script/run_script]: Still running /home/mrg/data/sky130_fd_bd_sram/macros/sky130_sram_2kbyte_1rw1r_32x512_8/tmp/run_lvs.sh (9100 seconds)
[run_script/run_script]: Still running /home/mrg/data/sky130_fd_bd_sram/macros/sky130_sram_2kbyte_1rw1r_32x512_8/tmp/run_lvs.sh (9130 seconds)
[run_script/run_script]: Still running /home/mrg/data/sky130_fd_bd_sram/macros/sky130_sram_2kbyte_1rw1r_32x512_8/tmp/run_lvs.sh (9160 seconds)
[run_script/run_script]: Still running /home/mrg/data/sky130_fd_bd_sram/macros/sky130_sram_2kbyte_1rw1r_32x512_8/tmp/run_lvs.sh (9190 seconds)
[run_script/run_script]: Still running /home/mrg/data/sky130_fd_bd_sram/macros/sky130_sram_2kbyte_1rw1r_32x512_8/tmp/run_lvs.sh (9220 seconds)
[run_script/run_script]: Still running /home/mrg/data/sky130_fd_bd_sram/macros/sky130_sram_2kbyte_1rw1r_32x512_8/tmp/run_lvs.sh (9250 seconds)
[run_script/run_script]: Still running /home/mrg/data/sky130_fd_bd_sram/macros/sky130_sram_2kbyte_1rw1r_32x512_8/tmp/run_lvs.sh (9280 seconds)
[run_script/run_script]: Still running /home/mrg/data/sky130_fd_bd_sram/macros/sky130_sram_2kbyte_1rw1r_32x512_8/tmp/run_lvs.sh (9310 seconds)
[run_script/run_script]: Still running /home/mrg/data/sky130_fd_bd_sram/macros/sky130_sram_2kbyte_1rw1r_32x512_8/tmp/run_lvs.sh (9340 seconds)
[run_script/run_script]: Still running /home/mrg/data/sky130_fd_bd_sram/macros/sky130_sram_2kbyte_1rw1r_32x512_8/tmp/run_lvs.sh (9370 seconds)
[run_script/run_script]: Still running /home/mrg/data/sky130_fd_bd_sram/macros/sky130_sram_2kbyte_1rw1r_32x512_8/tmp/run_lvs.sh (9400 seconds)
[run_script/run_script]: Still running /home/mrg/data/sky130_fd_bd_sram/macros/sky130_sram_2kbyte_1rw1r_32x512_8/tmp/run_lvs.sh (9430 seconds)
[run_script/run_script]: Still running /home/mrg/data/sky130_fd_bd_sram/macros/sky130_sram_2kbyte_1rw1r_32x512_8/tmp/run_lvs.sh (9460 seconds)
[run_script/run_script]: Still running /home/mrg/data/sky130_fd_bd_sram/macros/sky130_sram_2kbyte_1rw1r_32x512_8/tmp/run_lvs.sh (9490 seconds)
[run_script/run_script]: Still running /home/mrg/data/sky130_fd_bd_sram/macros/sky130_sram_2kbyte_1rw1r_32x512_8/tmp/run_lvs.sh (9520 seconds)
[run_script/run_script]: Still running /home/mrg/data/sky130_fd_bd_sram/macros/sky130_sram_2kbyte_1rw1r_32x512_8/tmp/run_lvs.sh (9550 seconds)
[run_script/run_script]: Still running /home/mrg/data/sky130_fd_bd_sram/macros/sky130_sram_2kbyte_1rw1r_32x512_8/tmp/run_lvs.sh (9580 seconds)
[run_script/run_script]: Still running /home/mrg/data/sky130_fd_bd_sram/macros/sky130_sram_2kbyte_1rw1r_32x512_8/tmp/run_lvs.sh (9611 seconds)
[run_script/run_script]: Still running /home/mrg/data/sky130_fd_bd_sram/macros/sky130_sram_2kbyte_1rw1r_32x512_8/tmp/run_lvs.sh (9641 seconds)
[run_script/run_script]: Still running /home/mrg/data/sky130_fd_bd_sram/macros/sky130_sram_2kbyte_1rw1r_32x512_8/tmp/run_lvs.sh (9671 seconds)
[run_script/run_script]: Still running /home/mrg/data/sky130_fd_bd_sram/macros/sky130_sram_2kbyte_1rw1r_32x512_8/tmp/run_lvs.sh (9701 seconds)
[run_script/run_script]: Still running /home/mrg/data/sky130_fd_bd_sram/macros/sky130_sram_2kbyte_1rw1r_32x512_8/tmp/run_lvs.sh (9731 seconds)
[run_script/run_script]: Still running /home/mrg/data/sky130_fd_bd_sram/macros/sky130_sram_2kbyte_1rw1r_32x512_8/tmp/run_lvs.sh (9761 seconds)
[run_script/run_script]: Still running /home/mrg/data/sky130_fd_bd_sram/macros/sky130_sram_2kbyte_1rw1r_32x512_8/tmp/run_lvs.sh (9791 seconds)
[run_script/run_script]: Still running /home/mrg/data/sky130_fd_bd_sram/macros/sky130_sram_2kbyte_1rw1r_32x512_8/tmp/run_lvs.sh (9821 seconds)
[run_script/run_script]: Still running /home/mrg/data/sky130_fd_bd_sram/macros/sky130_sram_2kbyte_1rw1r_32x512_8/tmp/run_lvs.sh (9851 seconds)
[run_script/run_script]: Still running /home/mrg/data/sky130_fd_bd_sram/macros/sky130_sram_2kbyte_1rw1r_32x512_8/tmp/run_lvs.sh (9881 seconds)
[run_script/run_script]: Still running /home/mrg/data/sky130_fd_bd_sram/macros/sky130_sram_2kbyte_1rw1r_32x512_8/tmp/run_lvs.sh (9911 seconds)
[run_script/run_script]: Still running /home/mrg/data/sky130_fd_bd_sram/macros/sky130_sram_2kbyte_1rw1r_32x512_8/tmp/run_lvs.sh (9941 seconds)
[run_script/run_script]: Still running /home/mrg/data/sky130_fd_bd_sram/macros/sky130_sram_2kbyte_1rw1r_32x512_8/tmp/run_lvs.sh (9971 seconds)
[run_script/run_script]: Still running /home/mrg/data/sky130_fd_bd_sram/macros/sky130_sram_2kbyte_1rw1r_32x512_8/tmp/run_lvs.sh (10001 seconds)
[run_script/run_script]: Still running /home/mrg/data/sky130_fd_bd_sram/macros/sky130_sram_2kbyte_1rw1r_32x512_8/tmp/run_lvs.sh (10031 seconds)
[run_script/run_script]: Still running /home/mrg/data/sky130_fd_bd_sram/macros/sky130_sram_2kbyte_1rw1r_32x512_8/tmp/run_lvs.sh (10061 seconds)
[run_script/run_script]: Still running /home/mrg/data/sky130_fd_bd_sram/macros/sky130_sram_2kbyte_1rw1r_32x512_8/tmp/run_lvs.sh (10091 seconds)
[run_script/run_script]: Still running /home/mrg/data/sky130_fd_bd_sram/macros/sky130_sram_2kbyte_1rw1r_32x512_8/tmp/run_lvs.sh (10121 seconds)
[run_script/run_script]: Still running /home/mrg/data/sky130_fd_bd_sram/macros/sky130_sram_2kbyte_1rw1r_32x512_8/tmp/run_lvs.sh (10151 seconds)
[run_script/run_script]: Still running /home/mrg/data/sky130_fd_bd_sram/macros/sky130_sram_2kbyte_1rw1r_32x512_8/tmp/run_lvs.sh (10181 seconds)
[run_script/run_script]: Still running /home/mrg/data/sky130_fd_bd_sram/macros/sky130_sram_2kbyte_1rw1r_32x512_8/tmp/run_lvs.sh (10211 seconds)
[run_script/run_script]: Still running /home/mrg/data/sky130_fd_bd_sram/macros/sky130_sram_2kbyte_1rw1r_32x512_8/tmp/run_lvs.sh (10241 seconds)
[run_script/run_script]: Still running /home/mrg/data/sky130_fd_bd_sram/macros/sky130_sram_2kbyte_1rw1r_32x512_8/tmp/run_lvs.sh (10271 seconds)
[run_script/run_script]: Still running /home/mrg/data/sky130_fd_bd_sram/macros/sky130_sram_2kbyte_1rw1r_32x512_8/tmp/run_lvs.sh (10301 seconds)
[run_script/run_script]: Still running /home/mrg/data/sky130_fd_bd_sram/macros/sky130_sram_2kbyte_1rw1r_32x512_8/tmp/run_lvs.sh (10331 seconds)
[run_script/run_script]: Still running /home/mrg/data/sky130_fd_bd_sram/macros/sky130_sram_2kbyte_1rw1r_32x512_8/tmp/run_lvs.sh (10361 seconds)
[run_script/run_script]: Still running /home/mrg/data/sky130_fd_bd_sram/macros/sky130_sram_2kbyte_1rw1r_32x512_8/tmp/run_lvs.sh (10391 seconds)
[run_script/run_script]: Still running /home/mrg/data/sky130_fd_bd_sram/macros/sky130_sram_2kbyte_1rw1r_32x512_8/tmp/run_lvs.sh (10421 seconds)
[run_script/run_script]: Still running /home/mrg/data/sky130_fd_bd_sram/macros/sky130_sram_2kbyte_1rw1r_32x512_8/tmp/run_lvs.sh (10451 seconds)
[run_script/run_script]: Still running /home/mrg/data/sky130_fd_bd_sram/macros/sky130_sram_2kbyte_1rw1r_32x512_8/tmp/run_lvs.sh (10481 seconds)
[run_script/run_script]: Still running /home/mrg/data/sky130_fd_bd_sram/macros/sky130_sram_2kbyte_1rw1r_32x512_8/tmp/run_lvs.sh (10511 seconds)
[run_script/run_script]: Still running /home/mrg/data/sky130_fd_bd_sram/macros/sky130_sram_2kbyte_1rw1r_32x512_8/tmp/run_lvs.sh (10542 seconds)
[run_script/run_script]: Still running /home/mrg/data/sky130_fd_bd_sram/macros/sky130_sram_2kbyte_1rw1r_32x512_8/tmp/run_lvs.sh (10572 seconds)
[run_script/run_script]: Still running /home/mrg/data/sky130_fd_bd_sram/macros/sky130_sram_2kbyte_1rw1r_32x512_8/tmp/run_lvs.sh (10602 seconds)
[run_script/run_script]: Still running /home/mrg/data/sky130_fd_bd_sram/macros/sky130_sram_2kbyte_1rw1r_32x512_8/tmp/run_lvs.sh (10632 seconds)
[run_script/run_script]: Still running /home/mrg/data/sky130_fd_bd_sram/macros/sky130_sram_2kbyte_1rw1r_32x512_8/tmp/run_lvs.sh (10662 seconds)
[run_script/run_script]: Still running /home/mrg/data/sky130_fd_bd_sram/macros/sky130_sram_2kbyte_1rw1r_32x512_8/tmp/run_lvs.sh (10692 seconds)
[run_script/run_script]: Still running /home/mrg/data/sky130_fd_bd_sram/macros/sky130_sram_2kbyte_1rw1r_32x512_8/tmp/run_lvs.sh (10722 seconds)
[run_script/run_script]: Still running /home/mrg/data/sky130_fd_bd_sram/macros/sky130_sram_2kbyte_1rw1r_32x512_8/tmp/run_lvs.sh (10752 seconds)
[run_script/run_script]: Still running /home/mrg/data/sky130_fd_bd_sram/macros/sky130_sram_2kbyte_1rw1r_32x512_8/tmp/run_lvs.sh (10782 seconds)
[run_script/run_script]: Still running /home/mrg/data/sky130_fd_bd_sram/macros/sky130_sram_2kbyte_1rw1r_32x512_8/tmp/run_lvs.sh (10812 seconds)
[run_script/run_script]: Still running /home/mrg/data/sky130_fd_bd_sram/macros/sky130_sram_2kbyte_1rw1r_32x512_8/tmp/run_lvs.sh (10842 seconds)
[run_script/run_script]: Still running /home/mrg/data/sky130_fd_bd_sram/macros/sky130_sram_2kbyte_1rw1r_32x512_8/tmp/run_lvs.sh (10872 seconds)
[run_script/run_script]: Still running /home/mrg/data/sky130_fd_bd_sram/macros/sky130_sram_2kbyte_1rw1r_32x512_8/tmp/run_lvs.sh (10902 seconds)
[run_script/run_script]: Still running /home/mrg/data/sky130_fd_bd_sram/macros/sky130_sram_2kbyte_1rw1r_32x512_8/tmp/run_lvs.sh (10932 seconds)
[run_script/run_script]: Still running /home/mrg/data/sky130_fd_bd_sram/macros/sky130_sram_2kbyte_1rw1r_32x512_8/tmp/run_lvs.sh (10962 seconds)
[run_script/run_script]: Still running /home/mrg/data/sky130_fd_bd_sram/macros/sky130_sram_2kbyte_1rw1r_32x512_8/tmp/run_lvs.sh (10992 seconds)
[run_script/run_script]: Still running /home/mrg/data/sky130_fd_bd_sram/macros/sky130_sram_2kbyte_1rw1r_32x512_8/tmp/run_lvs.sh (11022 seconds)
[run_script/run_script]: Still running /home/mrg/data/sky130_fd_bd_sram/macros/sky130_sram_2kbyte_1rw1r_32x512_8/tmp/run_lvs.sh (11052 seconds)
[run_script/run_script]: Still running /home/mrg/data/sky130_fd_bd_sram/macros/sky130_sram_2kbyte_1rw1r_32x512_8/tmp/run_lvs.sh (11082 seconds)
[run_script/run_script]: Still running /home/mrg/data/sky130_fd_bd_sram/macros/sky130_sram_2kbyte_1rw1r_32x512_8/tmp/run_lvs.sh (11112 seconds)
[run_script/run_script]: Still running /home/mrg/data/sky130_fd_bd_sram/macros/sky130_sram_2kbyte_1rw1r_32x512_8/tmp/run_lvs.sh (11142 seconds)
[run_script/run_script]: Still running /home/mrg/data/sky130_fd_bd_sram/macros/sky130_sram_2kbyte_1rw1r_32x512_8/tmp/run_lvs.sh (11172 seconds)
[run_script/run_script]: Still running /home/mrg/data/sky130_fd_bd_sram/macros/sky130_sram_2kbyte_1rw1r_32x512_8/tmp/run_lvs.sh (11202 seconds)
[run_script/run_script]: Still running /home/mrg/data/sky130_fd_bd_sram/macros/sky130_sram_2kbyte_1rw1r_32x512_8/tmp/run_lvs.sh (11232 seconds)
[run_script/run_script]: Still running /home/mrg/data/sky130_fd_bd_sram/macros/sky130_sram_2kbyte_1rw1r_32x512_8/tmp/run_lvs.sh (11262 seconds)
[run_script/run_script]: Still running /home/mrg/data/sky130_fd_bd_sram/macros/sky130_sram_2kbyte_1rw1r_32x512_8/tmp/run_lvs.sh (11292 seconds)
[run_script/run_script]: Still running /home/mrg/data/sky130_fd_bd_sram/macros/sky130_sram_2kbyte_1rw1r_32x512_8/tmp/run_lvs.sh (11322 seconds)
[run_script/run_script]: Still running /home/mrg/data/sky130_fd_bd_sram/macros/sky130_sram_2kbyte_1rw1r_32x512_8/tmp/run_lvs.sh (11352 seconds)
[run_script/run_script]: Still running /home/mrg/data/sky130_fd_bd_sram/macros/sky130_sram_2kbyte_1rw1r_32x512_8/tmp/run_lvs.sh (11382 seconds)
[run_script/run_script]: Still running /home/mrg/data/sky130_fd_bd_sram/macros/sky130_sram_2kbyte_1rw1r_32x512_8/tmp/run_lvs.sh (11412 seconds)
[run_script/run_script]: Still running /home/mrg/data/sky130_fd_bd_sram/macros/sky130_sram_2kbyte_1rw1r_32x512_8/tmp/run_lvs.sh (11442 seconds)
[run_script/run_script]: Still running /home/mrg/data/sky130_fd_bd_sram/macros/sky130_sram_2kbyte_1rw1r_32x512_8/tmp/run_lvs.sh (11473 seconds)
[run_script/run_script]: Still running /home/mrg/data/sky130_fd_bd_sram/macros/sky130_sram_2kbyte_1rw1r_32x512_8/tmp/run_lvs.sh (11503 seconds)
[run_script/run_script]: Still running /home/mrg/data/sky130_fd_bd_sram/macros/sky130_sram_2kbyte_1rw1r_32x512_8/tmp/run_lvs.sh (11533 seconds)
[run_script/run_script]: Still running /home/mrg/data/sky130_fd_bd_sram/macros/sky130_sram_2kbyte_1rw1r_32x512_8/tmp/run_lvs.sh (11563 seconds)
[run_script/run_script]: Still running /home/mrg/data/sky130_fd_bd_sram/macros/sky130_sram_2kbyte_1rw1r_32x512_8/tmp/run_lvs.sh (11593 seconds)
[run_script/run_script]: Still running /home/mrg/data/sky130_fd_bd_sram/macros/sky130_sram_2kbyte_1rw1r_32x512_8/tmp/run_lvs.sh (11623 seconds)
[run_script/run_script]: Still running /home/mrg/data/sky130_fd_bd_sram/macros/sky130_sram_2kbyte_1rw1r_32x512_8/tmp/run_lvs.sh (11653 seconds)
[run_script/run_script]: Still running /home/mrg/data/sky130_fd_bd_sram/macros/sky130_sram_2kbyte_1rw1r_32x512_8/tmp/run_lvs.sh (11683 seconds)
[run_script/run_script]: Still running /home/mrg/data/sky130_fd_bd_sram/macros/sky130_sram_2kbyte_1rw1r_32x512_8/tmp/run_lvs.sh (11713 seconds)
[run_script/run_script]: Still running /home/mrg/data/sky130_fd_bd_sram/macros/sky130_sram_2kbyte_1rw1r_32x512_8/tmp/run_lvs.sh (11743 seconds)
[run_script/run_script]: Still running /home/mrg/data/sky130_fd_bd_sram/macros/sky130_sram_2kbyte_1rw1r_32x512_8/tmp/run_lvs.sh (11773 seconds)
[run_script/run_script]: Still running /home/mrg/data/sky130_fd_bd_sram/macros/sky130_sram_2kbyte_1rw1r_32x512_8/tmp/run_lvs.sh (11803 seconds)
[run_script/run_script]: Still running /home/mrg/data/sky130_fd_bd_sram/macros/sky130_sram_2kbyte_1rw1r_32x512_8/tmp/run_lvs.sh (11833 seconds)
[run_script/run_script]: Still running /home/mrg/data/sky130_fd_bd_sram/macros/sky130_sram_2kbyte_1rw1r_32x512_8/tmp/run_lvs.sh (11863 seconds)
[run_script/run_script]: Still running /home/mrg/data/sky130_fd_bd_sram/macros/sky130_sram_2kbyte_1rw1r_32x512_8/tmp/run_lvs.sh (11893 seconds)
[run_script/run_script]: Still running /home/mrg/data/sky130_fd_bd_sram/macros/sky130_sram_2kbyte_1rw1r_32x512_8/tmp/run_lvs.sh (11923 seconds)
[run_script/run_script]: Still running /home/mrg/data/sky130_fd_bd_sram/macros/sky130_sram_2kbyte_1rw1r_32x512_8/tmp/run_lvs.sh (11953 seconds)
[run_script/run_script]: Still running /home/mrg/data/sky130_fd_bd_sram/macros/sky130_sram_2kbyte_1rw1r_32x512_8/tmp/run_lvs.sh (11983 seconds)
[run_script/run_script]: Still running /home/mrg/data/sky130_fd_bd_sram/macros/sky130_sram_2kbyte_1rw1r_32x512_8/tmp/run_lvs.sh (12013 seconds)
[run_script/run_script]: Still running /home/mrg/data/sky130_fd_bd_sram/macros/sky130_sram_2kbyte_1rw1r_32x512_8/tmp/run_lvs.sh (12043 seconds)
[run_script/run_script]: Still running /home/mrg/data/sky130_fd_bd_sram/macros/sky130_sram_2kbyte_1rw1r_32x512_8/tmp/run_lvs.sh (12073 seconds)
[run_script/run_script]: Still running /home/mrg/data/sky130_fd_bd_sram/macros/sky130_sram_2kbyte_1rw1r_32x512_8/tmp/run_lvs.sh (12103 seconds)
[verify.magic/run_lvs]: sky130_sram_2kbyte_1rw1r_32x512_8	LVS matches
** Verification: 13100.4 seconds
** SRAM creation: 15737.8 seconds
SP: Writing to /home/mrg/data/sky130_fd_bd_sram/macros/sky130_sram_2kbyte_1rw1r_32x512_8/sky130_sram_2kbyte_1rw1r_32x512_8.sp
** Spice writing: 1.0 seconds
GDS: Writing to /home/mrg/data/sky130_fd_bd_sram/macros/sky130_sram_2kbyte_1rw1r_32x512_8/sky130_sram_2kbyte_1rw1r_32x512_8.gds
** GDS: 1.7 seconds
LEF: Writing to /home/mrg/data/sky130_fd_bd_sram/macros/sky130_sram_2kbyte_1rw1r_32x512_8/sky130_sram_2kbyte_1rw1r_32x512_8.lef
** LEF: 0.0 seconds
LVS: Writing to /home/mrg/data/sky130_fd_bd_sram/macros/sky130_sram_2kbyte_1rw1r_32x512_8/sky130_sram_2kbyte_1rw1r_32x512_8.lvs.sp
** LVS writing: 0.1 seconds
LIB: Characterizing... 
[characterizer.lib/prepare_tables]: Slews: [0.00125 0.005   0.04   ]
[characterizer.lib/prepare_tables]: Loads: [ 1.7225  6.89   27.56  ]
[characterizer.lib/prepare_tables]: self.load_slews : [(1.7225, 0.00125), (6.89, 0.00125), (27.56, 0.00125), (1.7225, 0.005), (6.89, 0.005), (27.56, 0.005), (1.7225, 0.04), (6.89, 0.04), (27.56, 0.04)]
[characterizer.lib/characterize_corners]: Characterizing corners: [('TT', 1.8, 25)]
[characterizer.lib/characterize_corners]: Corner: ('TT', 1.8, 25)
[characterizer.lib/characterize_corners]: Writing to /home/mrg/data/sky130_fd_bd_sram/macros/sky130_sram_2kbyte_1rw1r_32x512_8/sky130_sram_2kbyte_1rw1r_32x512_8_TT_1p8V_25C.lib
[characterizer.elmore/analytical_power]: Dynamic Power: 13.80839947776003 mW
[characterizer.elmore/analytical_power]: Leakage Power: 0.017726 mW
[characterizer.elmore/get_lib_values]: Slew, Load, Delay(ns), Slew(ns)
[characterizer.elmore/get_lib_values]: 0.00125, 1.7225, 0.38333035226492257, 0.00167765625
[characterizer.elmore/get_lib_values]: 0.00125, 6.89, 0.41239753976492255, 0.004584374999999999
[characterizer.elmore/get_lib_values]: 0.00125, 27.56, 0.5286662897649226, 0.016211249999999996
[characterizer.elmore/get_lib_values]: 0.005, 1.7225, 0.38333035226492257, 0.00167765625
[characterizer.elmore/get_lib_values]: 0.005, 6.89, 0.41239753976492255, 0.004584374999999999
[characterizer.elmore/get_lib_values]: 0.005, 27.56, 0.5286662897649226, 0.016211249999999996
[characterizer.elmore/get_lib_values]: 0.04, 1.7225, 0.38333035226492257, 0.00167765625
[characterizer.elmore/get_lib_values]: 0.04, 6.89, 0.41239753976492255, 0.004584374999999999
[characterizer.elmore/get_lib_values]: 0.04, 27.56, 0.5286662897649226, 0.016211249999999996
** Characterization: 1.0 seconds
Config: Writing to /home/mrg/data/sky130_fd_bd_sram/macros/sky130_sram_2kbyte_1rw1r_32x512_8/sky130_sram_2kbyte_1rw1r_32x512_8.py
** Config: 0.0 seconds
Datasheet: Writing to /home/mrg/data/sky130_fd_bd_sram/macros/sky130_sram_2kbyte_1rw1r_32x512_8/sky130_sram_2kbyte_1rw1r_32x512_8.html
** Datasheet: 0.0 seconds
Verilog: Writing to /home/mrg/data/sky130_fd_bd_sram/macros/sky130_sram_2kbyte_1rw1r_32x512_8/sky130_sram_2kbyte_1rw1r_32x512_8.v
** Verilog: 0.0 seconds
[globals/cleanup_paths]: Preserving temp directory: /home/mrg/data/sky130_fd_bd_sram/macros/sky130_sram_2kbyte_1rw1r_32x512_8/tmp/
[verify.magic/print_drc_stats]: DRC runs: 1
[verify.magic/print_lvs_stats]: LVS runs: 1
[verify.magic/print_pex_stats]: PEX runs: 0
** End: 15741.7 seconds
